08:58:35.204 [main] INFO  c.b.d.s.DukerServerApplication - [logStarting,50] - Starting DukerServerApplication on SC-201906251903 with PID 21600 (E:\peosonal\zheng\zheng-springboot-demo\duker-server\target\classes started by Administrator in E:\peosonal\duker)
08:58:35.275 [main] INFO  c.b.d.s.DukerServerApplication - [logStartupProfileInfo,648] - No active profile set, falling back to default profiles: default
08:58:50.696 [main] INFO  o.a.c.h.Http11NioProtocol - [log,173] - Initializing ProtocolHandler ["http-nio-9528"]
08:58:50.746 [main] INFO  o.a.c.c.StandardService - [log,173] - Starting service [Tomcat]
08:58:50.748 [main] INFO  o.a.c.c.StandardEngine - [log,173] - Starting Servlet engine: [Apache Tomcat/9.0.26]
08:58:51.245 [main] INFO  o.a.c.c.C.[.[.[/duker-server] - [log,173] - Initializing Spring embedded WebApplicationContext
08:58:52.871 [main] INFO  o.a.c.c.StandardService - [log,173] - Stopping service [Tomcat]
09:07:44.421 [main] INFO  c.a.b.d.c.e.WelcomeLogoApplicationListener - [onApplicationEvent,53] - 

 :: Dubbo Spring Boot (v0.2.0) : https://github.com/apache/incubator-dubbo-spring-boot-project
 :: Dubbo (v2.6.2) : https://github.com/apache/incubator-dubbo
 :: Google group : dev@dubbo.incubator.apache.org

09:07:44.454 [main] INFO  c.a.b.d.c.e.OverrideDubboConfigApplicationListener - [onApplicationEvent,68] - Dubbo Config was overridden by externalized configuration {}
09:07:45.903 [main] INFO  c.d.c.DukerApplication - [logStarting,50] - Starting DukerApplication on SC-201906251903 with PID 76296 (E:\peosonal\duker\target\classes started by Administrator in E:\peosonal\duker)
09:07:45.904 [main] INFO  c.d.c.DukerApplication - [logStartupProfileInfo,648] - No active profile set, falling back to default profiles: default
09:08:04.624 [main] INFO  o.a.c.h.Http11NioProtocol - [log,173] - Initializing ProtocolHandler ["http-nio-9026"]
09:08:05.167 [main] INFO  o.a.c.c.StandardService - [log,173] - Starting service [Tomcat]
09:08:05.168 [main] INFO  o.a.c.c.StandardEngine - [log,173] - Starting Servlet engine: [Apache Tomcat/9.0.24]
09:08:07.788 [main] INFO  o.a.c.c.C.[.[.[/duker] - [log,173] - Initializing Spring embedded WebApplicationContext
09:08:09.027 [main] INFO  o.m.p.j.JmsPoolConnectionFactory - [setConnectionFactory,198] - Provided ConnectionFactory implementation is JMS 2.0+ capable.
09:08:15.377 [main] INFO  c.a.d.s.b.a.DruidDataSourceAutoConfigure - [dataSource,56] - Init DruidDataSource
09:08:17.666 [main] INFO  c.a.d.p.DruidDataSource - [init,930] - {dataSource-1} inited
09:08:34.477 [main] INFO  o.a.c.h.Http11NioProtocol - [log,173] - Starting ProtocolHandler ["http-nio-9026"]
09:08:34.609 [main] INFO  c.d.c.DukerApplication - [logStarted,59] - Started DukerApplication in 52.957 seconds (JVM running for 67.635)
09:08:35.004 [taskScheduler-2] INFO  c.d.c.t.UserDataSendTask - [sendToTopic,61] - portal.admin.topic 消息任务...
09:08:35.004 [taskScheduler-4] INFO  c.d.c.t.UserDataSendTask - [sendToTopic2,78] - portal.admin.topic2 消息任务...
09:08:35.005 [taskScheduler-3] INFO  c.d.c.t.UserDataSendTask - [sendToQueue2,112] - portal.admin.queue2 消息任务...
09:08:35.005 [taskScheduler-1] INFO  c.d.c.t.UserDataSendTask - [sendToQueue,95] - portal.admin.queue 消息任务...
09:08:40.021 [taskScheduler-1] INFO  c.d.c.t.UserDataSendTask - [sendToTopic,61] - portal.admin.topic 消息任务...
09:08:40.021 [taskScheduler-6] INFO  c.d.c.t.UserDataSendTask - [sendToQueue2,112] - portal.admin.queue2 消息任务...
09:08:40.021 [taskScheduler-4] INFO  c.d.c.t.UserDataSendTask - [sendToQueue,95] - portal.admin.queue 消息任务...
09:08:40.021 [taskScheduler-3] INFO  c.d.c.t.UserDataSendTask - [sendToTopic2,78] - portal.admin.topic2 消息任务...
09:08:45.002 [taskScheduler-7] INFO  c.d.c.t.UserDataSendTask - [sendToTopic2,78] - portal.admin.topic2 消息任务...
09:08:45.003 [taskScheduler-6] INFO  c.d.c.t.UserDataSendTask - [sendToQueue2,112] - portal.admin.queue2 消息任务...
09:08:50.001 [taskScheduler-9] INFO  c.d.c.t.UserDataSendTask - [sendToTopic2,78] - portal.admin.topic2 消息任务...
09:08:50.001 [taskScheduler-5] INFO  c.d.c.t.UserDataSendTask - [sendToQueue,95] - portal.admin.queue 消息任务...
09:08:50.001 [taskScheduler-4] INFO  c.d.c.t.UserDataSendTask - [sendToTopic,61] - portal.admin.topic 消息任务...
09:08:50.003 [taskScheduler-3] INFO  c.d.c.t.UserDataSendTask - [sendToQueue2,112] - portal.admin.queue2 消息任务...
09:08:55.003 [taskScheduler-1] INFO  c.d.c.t.UserDataSendTask - [sendToTopic2,78] - portal.admin.topic2 消息任务...
09:08:55.003 [taskScheduler-8] INFO  c.d.c.t.UserDataSendTask - [sendToQueue2,112] - portal.admin.queue2 消息任务...
09:08:55.003 [taskScheduler-5] INFO  c.d.c.t.UserDataSendTask - [sendToQueue,95] - portal.admin.queue 消息任务...
09:08:55.003 [taskScheduler-3] INFO  c.d.c.t.UserDataSendTask - [sendToTopic,61] - portal.admin.topic 消息任务...
09:09:00.001 [taskScheduler-4] INFO  c.d.c.t.UserDataSendTask - [sendToQueue2,112] - portal.admin.queue2 消息任务...
09:09:00.002 [taskScheduler-3] INFO  c.d.c.t.UserDataSendTask - [sendToTopic,61] - portal.admin.topic 消息任务...
09:09:05.001 [taskScheduler-9] INFO  c.d.c.t.UserDataSendTask - [sendToQueue,95] - portal.admin.queue 消息任务...
09:09:05.002 [taskScheduler-7] INFO  c.d.c.t.UserDataSendTask - [sendToTopic2,78] - portal.admin.topic2 消息任务...
09:09:05.001 [taskScheduler-4] INFO  c.d.c.t.UserDataSendTask - [sendToQueue2,112] - portal.admin.queue2 消息任务...
09:09:10.004 [taskScheduler-6] INFO  c.d.c.t.UserDataSendTask - [sendToTopic2,78] - portal.admin.topic2 消息任务...
09:09:10.004 [taskScheduler-4] INFO  c.d.c.t.UserDataSendTask - [sendToQueue2,112] - portal.admin.queue2 消息任务...
09:09:10.004 [taskScheduler-10] INFO  c.d.c.t.UserDataSendTask - [sendToTopic,61] - portal.admin.topic 消息任务...
09:09:10.004 [taskScheduler-8] INFO  c.d.c.t.UserDataSendTask - [sendToQueue,95] - portal.admin.queue 消息任务...
09:09:15.001 [taskScheduler-8] INFO  c.d.c.t.UserDataSendTask - [sendToQueue,95] - portal.admin.queue 消息任务...
09:09:15.001 [taskScheduler-3] INFO  c.d.c.t.UserDataSendTask - [sendToQueue2,112] - portal.admin.queue2 消息任务...
09:09:15.001 [taskScheduler-6] INFO  c.d.c.t.UserDataSendTask - [sendToTopic2,78] - portal.admin.topic2 消息任务...
09:09:15.001 [taskScheduler-9] INFO  c.d.c.t.UserDataSendTask - [sendToTopic,61] - portal.admin.topic 消息任务...
09:09:20.001 [taskScheduler-5] INFO  c.d.c.t.UserDataSendTask - [sendToTopic,61] - portal.admin.topic 消息任务...
09:09:20.001 [taskScheduler-3] INFO  c.d.c.t.UserDataSendTask - [sendToQueue2,112] - portal.admin.queue2 消息任务...
09:09:25.004 [taskScheduler-2] INFO  c.d.c.t.UserDataSendTask - [sendToQueue,95] - portal.admin.queue 消息任务...
09:09:25.004 [taskScheduler-4] INFO  c.d.c.t.UserDataSendTask - [sendToTopic2,78] - portal.admin.topic2 消息任务...
09:09:25.004 [taskScheduler-10] INFO  c.d.c.t.UserDataSendTask - [sendToTopic,61] - portal.admin.topic 消息任务...
09:09:25.006 [taskScheduler-1] INFO  c.d.c.t.UserDataSendTask - [sendToQueue2,112] - portal.admin.queue2 消息任务...
09:09:30.001 [taskScheduler-3] INFO  c.d.c.t.UserDataSendTask - [sendToQueue,95] - portal.admin.queue 消息任务...
09:09:30.003 [taskScheduler-6] INFO  c.d.c.t.UserDataSendTask - [sendToTopic,61] - portal.admin.topic 消息任务...
09:09:30.003 [taskScheduler-9] INFO  c.d.c.t.UserDataSendTask - [sendToTopic2,78] - portal.admin.topic2 消息任务...
09:09:30.003 [taskScheduler-1] INFO  c.d.c.t.UserDataSendTask - [sendToQueue2,112] - portal.admin.queue2 消息任务...
09:09:35.001 [taskScheduler-7] INFO  c.d.c.t.UserDataSendTask - [sendToQueue2,112] - portal.admin.queue2 消息任务...
09:09:35.001 [taskScheduler-9] INFO  c.d.c.t.UserDataSendTask - [sendToTopic2,78] - portal.admin.topic2 消息任务...
09:09:40.019 [taskScheduler-4] INFO  c.d.c.t.UserDataSendTask - [sendToQueue2,112] - portal.admin.queue2 消息任务...
09:09:40.019 [taskScheduler-3] INFO  c.d.c.t.UserDataSendTask - [sendToQueue,95] - portal.admin.queue 消息任务...
09:09:40.019 [taskScheduler-8] INFO  c.d.c.t.UserDataSendTask - [sendToTopic2,78] - portal.admin.topic2 消息任务...
09:09:40.020 [taskScheduler-5] INFO  c.d.c.t.UserDataSendTask - [sendToTopic,61] - portal.admin.topic 消息任务...
09:09:45.000 [taskScheduler-5] INFO  c.d.c.t.UserDataSendTask - [sendToTopic,61] - portal.admin.topic 消息任务...
09:09:45.000 [taskScheduler-8] INFO  c.d.c.t.UserDataSendTask - [sendToTopic2,78] - portal.admin.topic2 消息任务...
09:09:45.002 [taskScheduler-2] INFO  c.d.c.t.UserDataSendTask - [sendToQueue2,112] - portal.admin.queue2 消息任务...
09:09:45.002 [taskScheduler-7] INFO  c.d.c.t.UserDataSendTask - [sendToQueue,95] - portal.admin.queue 消息任务...
09:09:50.112 [taskScheduler-1] INFO  c.d.c.t.UserDataSendTask - [sendToQueue,95] - portal.admin.queue 消息任务...
09:09:50.130 [taskScheduler-6] INFO  c.d.c.t.UserDataSendTask - [sendToTopic,61] - portal.admin.topic 消息任务...
09:09:50.185 [taskScheduler-2] INFO  c.d.c.t.UserDataSendTask - [sendToQueue2,112] - portal.admin.queue2 消息任务...
09:09:50.222 [taskScheduler-3] INFO  c.d.c.t.UserDataSendTask - [sendToTopic2,78] - portal.admin.topic2 消息任务...
09:09:55.042 [taskScheduler-5] INFO  c.d.c.t.UserDataSendTask - [sendToTopic2,78] - portal.admin.topic2 消息任务...
09:09:55.044 [taskScheduler-7] INFO  c.d.c.t.UserDataSendTask - [sendToQueue,95] - portal.admin.queue 消息任务...
09:09:55.045 [taskScheduler-6] INFO  c.d.c.t.UserDataSendTask - [sendToTopic,61] - portal.admin.topic 消息任务...
09:09:55.045 [taskScheduler-9] INFO  c.d.c.t.UserDataSendTask - [sendToQueue2,112] - portal.admin.queue2 消息任务...
09:10:00.022 [taskScheduler-1] INFO  c.d.c.t.UserDataSendTask - [sendToQueue2,112] - portal.admin.queue2 消息任务...
09:10:00.023 [taskScheduler-3] INFO  c.d.c.t.UserDataSendTask - [sendToQueue,95] - portal.admin.queue 消息任务...
09:10:00.023 [taskScheduler-8] INFO  c.d.c.t.UserDataSendTask - [sendToTopic2,78] - portal.admin.topic2 消息任务...
09:10:00.028 [taskScheduler-6] INFO  c.d.c.t.UserDataSendTask - [sendToTopic,61] - portal.admin.topic 消息任务...
09:10:05.003 [taskScheduler-10] INFO  c.d.c.t.UserDataSendTask - [sendToTopic2,78] - portal.admin.topic2 消息任务...
09:10:05.003 [taskScheduler-5] INFO  c.d.c.t.UserDataSendTask - [sendToQueue2,112] - portal.admin.queue2 消息任务...
09:10:05.003 [taskScheduler-4] INFO  c.d.c.t.UserDataSendTask - [sendToTopic,61] - portal.admin.topic 消息任务...
09:10:05.003 [taskScheduler-7] INFO  c.d.c.t.UserDataSendTask - [sendToQueue,95] - portal.admin.queue 消息任务...
09:10:10.002 [taskScheduler-3] INFO  c.d.c.t.UserDataSendTask - [sendToQueue2,112] - portal.admin.queue2 消息任务...
09:10:10.002 [taskScheduler-5] INFO  c.d.c.t.UserDataSendTask - [sendToTopic2,78] - portal.admin.topic2 消息任务...
09:10:10.002 [taskScheduler-6] INFO  c.d.c.t.UserDataSendTask - [sendToTopic,61] - portal.admin.topic 消息任务...
09:10:10.002 [taskScheduler-7] INFO  c.d.c.t.UserDataSendTask - [sendToQueue,95] - portal.admin.queue 消息任务...
09:10:15.007 [taskScheduler-9] INFO  c.d.c.t.UserDataSendTask - [sendToTopic,61] - portal.admin.topic 消息任务...
09:10:15.016 [taskScheduler-4] INFO  c.d.c.t.UserDataSendTask - [sendToTopic2,78] - portal.admin.topic2 消息任务...
09:10:15.017 [taskScheduler-10] INFO  c.d.c.t.UserDataSendTask - [sendToQueue2,112] - portal.admin.queue2 消息任务...
09:10:15.017 [taskScheduler-7] INFO  c.d.c.t.UserDataSendTask - [sendToQueue,95] - portal.admin.queue 消息任务...
09:10:20.008 [taskScheduler-2] INFO  c.d.c.t.UserDataSendTask - [sendToQueue2,112] - portal.admin.queue2 消息任务...
09:10:20.009 [taskScheduler-2] INFO  c.d.c.t.UserDataSendTask - [sendToQueue,95] - portal.admin.queue 消息任务...
09:10:20.036 [taskScheduler-5] INFO  c.d.c.t.UserDataSendTask - [sendToTopic2,78] - portal.admin.topic2 消息任务...
09:10:20.037 [taskScheduler-9] INFO  c.d.c.t.UserDataSendTask - [sendToTopic,61] - portal.admin.topic 消息任务...
09:10:25.000 [taskScheduler-5] INFO  c.d.c.t.UserDataSendTask - [sendToTopic2,78] - portal.admin.topic2 消息任务...
09:10:25.002 [taskScheduler-7] INFO  c.d.c.t.UserDataSendTask - [sendToTopic,61] - portal.admin.topic 消息任务...
09:10:25.002 [taskScheduler-1] INFO  c.d.c.t.UserDataSendTask - [sendToQueue,95] - portal.admin.queue 消息任务...
09:10:25.002 [taskScheduler-6] INFO  c.d.c.t.UserDataSendTask - [sendToQueue2,112] - portal.admin.queue2 消息任务...
09:10:30.003 [taskScheduler-10] INFO  c.d.c.t.UserDataSendTask - [sendToQueue2,112] - portal.admin.queue2 消息任务...
09:10:30.003 [taskScheduler-3] INFO  c.d.c.t.UserDataSendTask - [sendToTopic,61] - portal.admin.topic 消息任务...
09:10:30.003 [taskScheduler-9] INFO  c.d.c.t.UserDataSendTask - [sendToTopic2,78] - portal.admin.topic2 消息任务...
09:10:30.003 [taskScheduler-1] INFO  c.d.c.t.UserDataSendTask - [sendToQueue,95] - portal.admin.queue 消息任务...
09:10:35.000 [taskScheduler-10] INFO  c.d.c.t.UserDataSendTask - [sendToQueue2,112] - portal.admin.queue2 消息任务...
09:10:35.000 [taskScheduler-5] INFO  c.d.c.t.UserDataSendTask - [sendToTopic,61] - portal.admin.topic 消息任务...
09:10:35.000 [taskScheduler-8] INFO  c.d.c.t.UserDataSendTask - [sendToTopic2,78] - portal.admin.topic2 消息任务...
09:10:35.000 [taskScheduler-1] INFO  c.d.c.t.UserDataSendTask - [sendToQueue,95] - portal.admin.queue 消息任务...
09:10:40.002 [taskScheduler-2] INFO  c.d.c.t.UserDataSendTask - [sendToTopic,61] - portal.admin.topic 消息任务...
09:10:40.002 [taskScheduler-6] INFO  c.d.c.t.UserDataSendTask - [sendToTopic2,78] - portal.admin.topic2 消息任务...
09:10:40.002 [taskScheduler-3] INFO  c.d.c.t.UserDataSendTask - [sendToQueue,95] - portal.admin.queue 消息任务...
09:10:40.013 [taskScheduler-10] INFO  c.d.c.t.UserDataSendTask - [sendToQueue2,112] - portal.admin.queue2 消息任务...
09:10:45.001 [taskScheduler-7] INFO  c.d.c.t.UserDataSendTask - [sendToTopic,61] - portal.admin.topic 消息任务...
09:10:45.001 [taskScheduler-4] INFO  c.d.c.t.UserDataSendTask - [sendToQueue,95] - portal.admin.queue 消息任务...
09:10:45.001 [taskScheduler-5] INFO  c.d.c.t.UserDataSendTask - [sendToTopic2,78] - portal.admin.topic2 消息任务...
09:10:45.003 [taskScheduler-10] INFO  c.d.c.t.UserDataSendTask - [sendToQueue2,112] - portal.admin.queue2 消息任务...
09:10:50.000 [taskScheduler-9] INFO  c.d.c.t.UserDataSendTask - [sendToQueue,95] - portal.admin.queue 消息任务...
09:10:50.000 [taskScheduler-2] INFO  c.d.c.t.UserDataSendTask - [sendToTopic2,78] - portal.admin.topic2 消息任务...
09:10:50.000 [taskScheduler-7] INFO  c.d.c.t.UserDataSendTask - [sendToTopic,61] - portal.admin.topic 消息任务...
09:10:50.001 [taskScheduler-3] INFO  c.d.c.t.UserDataSendTask - [sendToQueue2,112] - portal.admin.queue2 消息任务...
09:10:55.007 [taskScheduler-1] INFO  c.d.c.t.UserDataSendTask - [sendToQueue,95] - portal.admin.queue 消息任务...
09:10:55.007 [taskScheduler-3] INFO  c.d.c.t.UserDataSendTask - [sendToQueue2,112] - portal.admin.queue2 消息任务...
09:10:55.007 [taskScheduler-8] INFO  c.d.c.t.UserDataSendTask - [sendToTopic2,78] - portal.admin.topic2 消息任务...
09:10:55.007 [taskScheduler-4] INFO  c.d.c.t.UserDataSendTask - [sendToTopic,61] - portal.admin.topic 消息任务...
09:11:00.000 [taskScheduler-6] INFO  c.d.c.t.UserDataSendTask - [sendToTopic,61] - portal.admin.topic 消息任务...
09:11:00.000 [taskScheduler-9] INFO  c.d.c.t.UserDataSendTask - [sendToQueue,95] - portal.admin.queue 消息任务...
09:11:00.000 [taskScheduler-3] INFO  c.d.c.t.UserDataSendTask - [sendToQueue2,112] - portal.admin.queue2 消息任务...
09:11:00.000 [taskScheduler-8] INFO  c.d.c.t.UserDataSendTask - [sendToTopic2,78] - portal.admin.topic2 消息任务...
09:11:05.001 [taskScheduler-1] INFO  c.d.c.t.UserDataSendTask - [sendToTopic,61] - portal.admin.topic 消息任务...
09:11:05.001 [taskScheduler-9] INFO  c.d.c.t.UserDataSendTask - [sendToQueue2,112] - portal.admin.queue2 消息任务...
09:11:05.001 [taskScheduler-3] INFO  c.d.c.t.UserDataSendTask - [sendToQueue,95] - portal.admin.queue 消息任务...
09:11:05.002 [taskScheduler-9] INFO  c.d.c.t.UserDataSendTask - [sendToTopic2,78] - portal.admin.topic2 消息任务...
09:11:10.008 [taskScheduler-2] INFO  c.d.c.t.UserDataSendTask - [sendToQueue2,112] - portal.admin.queue2 消息任务...
09:11:10.008 [taskScheduler-9] INFO  c.d.c.t.UserDataSendTask - [sendToTopic2,78] - portal.admin.topic2 消息任务...
09:11:10.008 [taskScheduler-6] INFO  c.d.c.t.UserDataSendTask - [sendToTopic,61] - portal.admin.topic 消息任务...
09:11:10.008 [taskScheduler-7] INFO  c.d.c.t.UserDataSendTask - [sendToQueue,95] - portal.admin.queue 消息任务...
09:11:15.001 [taskScheduler-1] INFO  c.d.c.t.UserDataSendTask - [sendToQueue,95] - portal.admin.queue 消息任务...
09:11:15.001 [taskScheduler-5] INFO  c.d.c.t.UserDataSendTask - [sendToTopic,61] - portal.admin.topic 消息任务...
09:11:15.001 [taskScheduler-2] INFO  c.d.c.t.UserDataSendTask - [sendToQueue2,112] - portal.admin.queue2 消息任务...
09:11:15.001 [taskScheduler-2] INFO  c.d.c.t.UserDataSendTask - [sendToTopic2,78] - portal.admin.topic2 消息任务...
09:11:20.001 [taskScheduler-10] INFO  c.d.c.t.UserDataSendTask - [sendToTopic2,78] - portal.admin.topic2 消息任务...
09:11:20.001 [taskScheduler-9] INFO  c.d.c.t.UserDataSendTask - [sendToQueue2,112] - portal.admin.queue2 消息任务...
09:11:20.001 [taskScheduler-8] INFO  c.d.c.t.UserDataSendTask - [sendToQueue,95] - portal.admin.queue 消息任务...
09:11:20.001 [taskScheduler-2] INFO  c.d.c.t.UserDataSendTask - [sendToTopic,61] - portal.admin.topic 消息任务...
09:11:25.116 [taskScheduler-4] INFO  c.d.c.t.UserDataSendTask - [sendToTopic2,78] - portal.admin.topic2 消息任务...
09:11:25.116 [taskScheduler-3] INFO  c.d.c.t.UserDataSendTask - [sendToTopic,61] - portal.admin.topic 消息任务...
09:11:25.116 [taskScheduler-8] INFO  c.d.c.t.UserDataSendTask - [sendToQueue,95] - portal.admin.queue 消息任务...
09:11:25.116 [taskScheduler-9] INFO  c.d.c.t.UserDataSendTask - [sendToQueue2,112] - portal.admin.queue2 消息任务...
09:11:30.001 [taskScheduler-7] INFO  c.d.c.t.UserDataSendTask - [sendToTopic,61] - portal.admin.topic 消息任务...
09:11:30.001 [taskScheduler-6] INFO  c.d.c.t.UserDataSendTask - [sendToQueue2,112] - portal.admin.queue2 消息任务...
09:11:30.001 [taskScheduler-4] INFO  c.d.c.t.UserDataSendTask - [sendToTopic2,78] - portal.admin.topic2 消息任务...
09:11:30.001 [taskScheduler-9] INFO  c.d.c.t.UserDataSendTask - [sendToQueue,95] - portal.admin.queue 消息任务...
09:11:35.001 [taskScheduler-2] INFO  c.d.c.t.UserDataSendTask - [sendToTopic2,78] - portal.admin.topic2 消息任务...
09:11:35.001 [taskScheduler-6] INFO  c.d.c.t.UserDataSendTask - [sendToQueue2,112] - portal.admin.queue2 消息任务...
09:11:35.001 [taskScheduler-5] INFO  c.d.c.t.UserDataSendTask - [sendToTopic,61] - portal.admin.topic 消息任务...
09:11:35.001 [taskScheduler-6] INFO  c.d.c.t.UserDataSendTask - [sendToQueue,95] - portal.admin.queue 消息任务...
09:11:40.004 [taskScheduler-2] INFO  c.d.c.t.UserDataSendTask - [sendToQueue2,112] - portal.admin.queue2 消息任务...
09:11:40.004 [taskScheduler-6] INFO  c.d.c.t.UserDataSendTask - [sendToTopic2,78] - portal.admin.topic2 消息任务...
09:11:40.008 [taskScheduler-7] INFO  c.d.c.t.UserDataSendTask - [sendToQueue,95] - portal.admin.queue 消息任务...
09:11:40.009 [taskScheduler-5] INFO  c.d.c.t.UserDataSendTask - [sendToTopic,61] - portal.admin.topic 消息任务...
09:11:45.001 [taskScheduler-10] INFO  c.d.c.t.UserDataSendTask - [sendToTopic,61] - portal.admin.topic 消息任务...
09:11:45.002 [taskScheduler-1] INFO  c.d.c.t.UserDataSendTask - [sendToQueue2,112] - portal.admin.queue2 消息任务...
09:11:45.002 [taskScheduler-3] INFO  c.d.c.t.UserDataSendTask - [sendToQueue,95] - portal.admin.queue 消息任务...
09:11:45.002 [taskScheduler-6] INFO  c.d.c.t.UserDataSendTask - [sendToTopic2,78] - portal.admin.topic2 消息任务...
09:11:50.102 [taskScheduler-8] INFO  c.d.c.t.UserDataSendTask - [sendToTopic2,78] - portal.admin.topic2 消息任务...
09:11:50.113 [taskScheduler-5] INFO  c.d.c.t.UserDataSendTask - [sendToTopic,61] - portal.admin.topic 消息任务...
09:11:50.141 [taskScheduler-1] INFO  c.d.c.t.UserDataSendTask - [sendToQueue,95] - portal.admin.queue 消息任务...
09:11:50.376 [taskScheduler-3] INFO  c.d.c.t.UserDataSendTask - [sendToQueue2,112] - portal.admin.queue2 消息任务...
09:11:55.000 [taskScheduler-10] INFO  c.d.c.t.UserDataSendTask - [sendToQueue2,112] - portal.admin.queue2 消息任务...
09:11:55.001 [taskScheduler-10] INFO  c.d.c.t.UserDataSendTask - [sendToTopic2,78] - portal.admin.topic2 消息任务...
09:11:55.012 [taskScheduler-2] INFO  c.d.c.t.UserDataSendTask - [sendToQueue,95] - portal.admin.queue 消息任务...
09:11:55.089 [taskScheduler-5] INFO  c.d.c.t.UserDataSendTask - [sendToTopic,61] - portal.admin.topic 消息任务...
09:12:00.001 [taskScheduler-6] INFO  c.d.c.t.UserDataSendTask - [sendToQueue2,112] - portal.admin.queue2 消息任务...
09:12:00.001 [taskScheduler-6] INFO  c.d.c.t.UserDataSendTask - [sendToTopic2,78] - portal.admin.topic2 消息任务...
09:12:00.002 [taskScheduler-7] INFO  c.d.c.t.UserDataSendTask - [sendToTopic,61] - portal.admin.topic 消息任务...
09:12:00.002 [taskScheduler-8] INFO  c.d.c.t.UserDataSendTask - [sendToQueue,95] - portal.admin.queue 消息任务...
09:12:05.170 [taskScheduler-3] INFO  c.d.c.t.UserDataSendTask - [sendToTopic2,78] - portal.admin.topic2 消息任务...
09:12:05.184 [taskScheduler-2] INFO  c.d.c.t.UserDataSendTask - [sendToQueue2,112] - portal.admin.queue2 消息任务...
09:12:05.185 [taskScheduler-8] INFO  c.d.c.t.UserDataSendTask - [sendToQueue,95] - portal.admin.queue 消息任务...
09:12:05.241 [taskScheduler-4] INFO  c.d.c.t.UserDataSendTask - [sendToTopic,61] - portal.admin.topic 消息任务...
09:12:10.001 [taskScheduler-8] INFO  c.d.c.t.UserDataSendTask - [sendToTopic2,78] - portal.admin.topic2 消息任务...
09:12:10.001 [taskScheduler-3] INFO  c.d.c.t.UserDataSendTask - [sendToQueue,95] - portal.admin.queue 消息任务...
09:12:10.003 [taskScheduler-6] INFO  c.d.c.t.UserDataSendTask - [sendToQueue2,112] - portal.admin.queue2 消息任务...
09:12:10.003 [taskScheduler-1] INFO  c.d.c.t.UserDataSendTask - [sendToTopic,61] - portal.admin.topic 消息任务...
09:12:15.005 [taskScheduler-5] INFO  c.d.c.t.UserDataSendTask - [sendToTopic,61] - portal.admin.topic 消息任务...
09:12:15.010 [taskScheduler-7] INFO  c.d.c.t.UserDataSendTask - [sendToQueue,95] - portal.admin.queue 消息任务...
09:12:15.014 [taskScheduler-9] INFO  c.d.c.t.UserDataSendTask - [sendToTopic2,78] - portal.admin.topic2 消息任务...
09:12:15.140 [taskScheduler-6] INFO  c.d.c.t.UserDataSendTask - [sendToQueue2,112] - portal.admin.queue2 消息任务...
09:12:20.003 [taskScheduler-8] INFO  c.d.c.t.UserDataSendTask - [sendToQueue,95] - portal.admin.queue 消息任务...
09:12:20.003 [taskScheduler-1] INFO  c.d.c.t.UserDataSendTask - [sendToQueue2,112] - portal.admin.queue2 消息任务...
09:12:20.003 [taskScheduler-5] INFO  c.d.c.t.UserDataSendTask - [sendToTopic,61] - portal.admin.topic 消息任务...
09:12:20.003 [taskScheduler-7] INFO  c.d.c.t.UserDataSendTask - [sendToTopic2,78] - portal.admin.topic2 消息任务...
09:12:25.052 [taskScheduler-10] INFO  c.d.c.t.UserDataSendTask - [sendToQueue,95] - portal.admin.queue 消息任务...
09:12:25.054 [taskScheduler-9] INFO  c.d.c.t.UserDataSendTask - [sendToTopic,61] - portal.admin.topic 消息任务...
09:12:25.054 [taskScheduler-2] INFO  c.d.c.t.UserDataSendTask - [sendToTopic2,78] - portal.admin.topic2 消息任务...
09:12:25.066 [taskScheduler-1] INFO  c.d.c.t.UserDataSendTask - [sendToQueue2,112] - portal.admin.queue2 消息任务...
09:12:30.021 [taskScheduler-2] INFO  c.d.c.t.UserDataSendTask - [sendToQueue,95] - portal.admin.queue 消息任务...
09:12:30.021 [taskScheduler-8] INFO  c.d.c.t.UserDataSendTask - [sendToTopic,61] - portal.admin.topic 消息任务...
09:12:30.021 [taskScheduler-4] INFO  c.d.c.t.UserDataSendTask - [sendToQueue2,112] - portal.admin.queue2 消息任务...
09:12:30.021 [taskScheduler-10] INFO  c.d.c.t.UserDataSendTask - [sendToTopic2,78] - portal.admin.topic2 消息任务...
09:12:35.002 [taskScheduler-3] INFO  c.d.c.t.UserDataSendTask - [sendToTopic2,78] - portal.admin.topic2 消息任务...
09:12:35.002 [taskScheduler-1] INFO  c.d.c.t.UserDataSendTask - [sendToQueue,95] - portal.admin.queue 消息任务...
09:12:35.002 [taskScheduler-5] INFO  c.d.c.t.UserDataSendTask - [sendToTopic,61] - portal.admin.topic 消息任务...
09:12:35.002 [taskScheduler-4] INFO  c.d.c.t.UserDataSendTask - [sendToQueue2,112] - portal.admin.queue2 消息任务...
09:12:40.000 [taskScheduler-3] INFO  c.d.c.t.UserDataSendTask - [sendToQueue,95] - portal.admin.queue 消息任务...
09:12:40.000 [taskScheduler-2] INFO  c.d.c.t.UserDataSendTask - [sendToTopic2,78] - portal.admin.topic2 消息任务...
09:12:40.000 [taskScheduler-5] INFO  c.d.c.t.UserDataSendTask - [sendToTopic,61] - portal.admin.topic 消息任务...
09:12:40.002 [taskScheduler-10] INFO  c.d.c.t.UserDataSendTask - [sendToQueue2,112] - portal.admin.queue2 消息任务...
09:12:45.039 [taskScheduler-3] INFO  c.d.c.t.UserDataSendTask - [sendToQueue2,112] - portal.admin.queue2 消息任务...
09:12:45.039 [taskScheduler-7] INFO  c.d.c.t.UserDataSendTask - [sendToTopic2,78] - portal.admin.topic2 消息任务...
09:12:45.039 [taskScheduler-1] INFO  c.d.c.t.UserDataSendTask - [sendToTopic,61] - portal.admin.topic 消息任务...
09:12:45.040 [taskScheduler-10] INFO  c.d.c.t.UserDataSendTask - [sendToQueue,95] - portal.admin.queue 消息任务...
09:12:50.000 [taskScheduler-3] INFO  c.d.c.t.UserDataSendTask - [sendToQueue2,112] - portal.admin.queue2 消息任务...
09:12:50.000 [taskScheduler-3] INFO  c.d.c.t.UserDataSendTask - [sendToTopic,61] - portal.admin.topic 消息任务...
09:12:50.001 [taskScheduler-4] INFO  c.d.c.t.UserDataSendTask - [sendToTopic2,78] - portal.admin.topic2 消息任务...
09:12:50.001 [taskScheduler-9] INFO  c.d.c.t.UserDataSendTask - [sendToQueue,95] - portal.admin.queue 消息任务...
09:12:55.001 [taskScheduler-9] INFO  c.d.c.t.UserDataSendTask - [sendToQueue,95] - portal.admin.queue 消息任务...
09:12:55.003 [taskScheduler-2] INFO  c.d.c.t.UserDataSendTask - [sendToQueue2,112] - portal.admin.queue2 消息任务...
09:12:55.003 [taskScheduler-8] INFO  c.d.c.t.UserDataSendTask - [sendToTopic,61] - portal.admin.topic 消息任务...
09:12:55.003 [taskScheduler-7] INFO  c.d.c.t.UserDataSendTask - [sendToTopic2,78] - portal.admin.topic2 消息任务...
09:13:00.007 [taskScheduler-3] INFO  c.d.c.t.UserDataSendTask - [sendToQueue,95] - portal.admin.queue 消息任务...
09:13:00.007 [taskScheduler-2] INFO  c.d.c.t.UserDataSendTask - [sendToTopic,61] - portal.admin.topic 消息任务...
09:13:00.007 [taskScheduler-8] INFO  c.d.c.t.UserDataSendTask - [sendToQueue2,112] - portal.admin.queue2 消息任务...
09:13:00.007 [taskScheduler-5] INFO  c.d.c.t.UserDataSendTask - [sendToTopic2,78] - portal.admin.topic2 消息任务...
09:13:05.001 [taskScheduler-6] INFO  c.d.c.t.UserDataSendTask - [sendToQueue,95] - portal.admin.queue 消息任务...
09:13:05.001 [taskScheduler-8] INFO  c.d.c.t.UserDataSendTask - [sendToQueue2,112] - portal.admin.queue2 消息任务...
09:13:05.001 [taskScheduler-8] INFO  c.d.c.t.UserDataSendTask - [sendToTopic,61] - portal.admin.topic 消息任务...
09:13:05.003 [taskScheduler-10] INFO  c.d.c.t.UserDataSendTask - [sendToTopic2,78] - portal.admin.topic2 消息任务...
09:13:10.000 [taskScheduler-8] INFO  c.d.c.t.UserDataSendTask - [sendToTopic,61] - portal.admin.topic 消息任务...
09:13:10.000 [taskScheduler-4] INFO  c.d.c.t.UserDataSendTask - [sendToQueue,95] - portal.admin.queue 消息任务...
09:13:10.034 [taskScheduler-10] INFO  c.d.c.t.UserDataSendTask - [sendToTopic2,78] - portal.admin.topic2 消息任务...
09:13:10.037 [taskScheduler-9] INFO  c.d.c.t.UserDataSendTask - [sendToQueue2,112] - portal.admin.queue2 消息任务...
09:13:15.001 [taskScheduler-6] INFO  c.d.c.t.UserDataSendTask - [sendToQueue,95] - portal.admin.queue 消息任务...
09:13:15.001 [taskScheduler-5] INFO  c.d.c.t.UserDataSendTask - [sendToTopic,61] - portal.admin.topic 消息任务...
09:13:15.001 [taskScheduler-3] INFO  c.d.c.t.UserDataSendTask - [sendToQueue2,112] - portal.admin.queue2 消息任务...
09:13:15.001 [taskScheduler-10] INFO  c.d.c.t.UserDataSendTask - [sendToTopic2,78] - portal.admin.topic2 消息任务...
09:13:20.000 [taskScheduler-1] INFO  c.d.c.t.UserDataSendTask - [sendToQueue2,112] - portal.admin.queue2 消息任务...
09:13:20.000 [taskScheduler-4] INFO  c.d.c.t.UserDataSendTask - [sendToTopic,61] - portal.admin.topic 消息任务...
09:13:20.003 [taskScheduler-8] INFO  c.d.c.t.UserDataSendTask - [sendToTopic2,78] - portal.admin.topic2 消息任务...
09:13:20.007 [taskScheduler-6] INFO  c.d.c.t.UserDataSendTask - [sendToQueue,95] - portal.admin.queue 消息任务...
09:13:25.004 [taskScheduler-10] INFO  c.d.c.t.UserDataSendTask - [sendToTopic,61] - portal.admin.topic 消息任务...
09:13:25.024 [taskScheduler-5] INFO  c.d.c.t.UserDataSendTask - [sendToQueue2,112] - portal.admin.queue2 消息任务...
09:13:25.025 [taskScheduler-7] INFO  c.d.c.t.UserDataSendTask - [sendToQueue,95] - portal.admin.queue 消息任务...
09:13:25.036 [taskScheduler-8] INFO  c.d.c.t.UserDataSendTask - [sendToTopic2,78] - portal.admin.topic2 消息任务...
09:13:30.001 [taskScheduler-5] INFO  c.d.c.t.UserDataSendTask - [sendToQueue,95] - portal.admin.queue 消息任务...
09:13:30.001 [taskScheduler-7] INFO  c.d.c.t.UserDataSendTask - [sendToTopic2,78] - portal.admin.topic2 消息任务...
09:13:30.001 [taskScheduler-4] INFO  c.d.c.t.UserDataSendTask - [sendToQueue2,112] - portal.admin.queue2 消息任务...
09:13:30.007 [taskScheduler-10] INFO  c.d.c.t.UserDataSendTask - [sendToTopic,61] - portal.admin.topic 消息任务...
09:13:35.001 [taskScheduler-9] INFO  c.d.c.t.UserDataSendTask - [sendToQueue2,112] - portal.admin.queue2 消息任务...
09:13:35.001 [taskScheduler-8] INFO  c.d.c.t.UserDataSendTask - [sendToTopic,61] - portal.admin.topic 消息任务...
09:13:35.001 [taskScheduler-7] INFO  c.d.c.t.UserDataSendTask - [sendToQueue,95] - portal.admin.queue 消息任务...
09:13:35.002 [taskScheduler-4] INFO  c.d.c.t.UserDataSendTask - [sendToTopic2,78] - portal.admin.topic2 消息任务...
09:13:40.004 [taskScheduler-10] INFO  c.d.c.t.UserDataSendTask - [sendToQueue,95] - portal.admin.queue 消息任务...
09:13:40.015 [taskScheduler-3] INFO  c.d.c.t.UserDataSendTask - [sendToTopic2,78] - portal.admin.topic2 消息任务...
09:13:40.016 [taskScheduler-2] INFO  c.d.c.t.UserDataSendTask - [sendToQueue2,112] - portal.admin.queue2 消息任务...
09:13:40.021 [taskScheduler-8] INFO  c.d.c.t.UserDataSendTask - [sendToTopic,61] - portal.admin.topic 消息任务...
09:13:45.000 [taskScheduler-4] INFO  c.d.c.t.UserDataSendTask - [sendToQueue2,112] - portal.admin.queue2 消息任务...
09:13:45.000 [taskScheduler-10] INFO  c.d.c.t.UserDataSendTask - [sendToTopic2,78] - portal.admin.topic2 消息任务...
09:13:45.000 [taskScheduler-8] INFO  c.d.c.t.UserDataSendTask - [sendToQueue,95] - portal.admin.queue 消息任务...
09:13:45.000 [taskScheduler-2] INFO  c.d.c.t.UserDataSendTask - [sendToTopic,61] - portal.admin.topic 消息任务...
09:13:50.001 [taskScheduler-9] INFO  c.d.c.t.UserDataSendTask - [sendToQueue,95] - portal.admin.queue 消息任务...
09:13:50.001 [taskScheduler-4] INFO  c.d.c.t.UserDataSendTask - [sendToQueue2,112] - portal.admin.queue2 消息任务...
09:13:50.001 [taskScheduler-4] INFO  c.d.c.t.UserDataSendTask - [sendToTopic2,78] - portal.admin.topic2 消息任务...
09:13:50.002 [taskScheduler-6] INFO  c.d.c.t.UserDataSendTask - [sendToTopic,61] - portal.admin.topic 消息任务...
09:13:55.003 [taskScheduler-5] INFO  c.d.c.t.UserDataSendTask - [sendToTopic2,78] - portal.admin.topic2 消息任务...
09:13:55.003 [taskScheduler-3] INFO  c.d.c.t.UserDataSendTask - [sendToQueue2,112] - portal.admin.queue2 消息任务...
09:13:55.003 [taskScheduler-7] INFO  c.d.c.t.UserDataSendTask - [sendToTopic,61] - portal.admin.topic 消息任务...
09:13:55.003 [taskScheduler-1] INFO  c.d.c.t.UserDataSendTask - [sendToQueue,95] - portal.admin.queue 消息任务...
09:14:00.007 [taskScheduler-5] INFO  c.d.c.t.UserDataSendTask - [sendToTopic,61] - portal.admin.topic 消息任务...
09:14:00.291 [taskScheduler-3] INFO  c.d.c.t.UserDataSendTask - [sendToTopic2,78] - portal.admin.topic2 消息任务...
09:14:00.291 [taskScheduler-7] INFO  c.d.c.t.UserDataSendTask - [sendToQueue2,112] - portal.admin.queue2 消息任务...
09:14:00.292 [taskScheduler-7] INFO  c.d.c.t.UserDataSendTask - [sendToQueue,95] - portal.admin.queue 消息任务...
09:14:05.004 [taskScheduler-10] INFO  c.d.c.t.UserDataSendTask - [sendToTopic2,78] - portal.admin.topic2 消息任务...
09:14:05.021 [taskScheduler-8] INFO  c.d.c.t.UserDataSendTask - [sendToTopic,61] - portal.admin.topic 消息任务...
09:14:05.025 [taskScheduler-4] INFO  c.d.c.t.UserDataSendTask - [sendToQueue,95] - portal.admin.queue 消息任务...
09:14:05.026 [taskScheduler-9] INFO  c.d.c.t.UserDataSendTask - [sendToQueue2,112] - portal.admin.queue2 消息任务...
09:14:10.002 [taskScheduler-2] INFO  c.d.c.t.UserDataSendTask - [sendToQueue,95] - portal.admin.queue 消息任务...
09:14:10.002 [taskScheduler-6] INFO  c.d.c.t.UserDataSendTask - [sendToTopic,61] - portal.admin.topic 消息任务...
09:14:10.002 [taskScheduler-5] INFO  c.d.c.t.UserDataSendTask - [sendToTopic2,78] - portal.admin.topic2 消息任务...
09:14:10.002 [taskScheduler-1] INFO  c.d.c.t.UserDataSendTask - [sendToQueue2,112] - portal.admin.queue2 消息任务...
09:14:15.000 [taskScheduler-9] INFO  c.d.c.t.UserDataSendTask - [sendToTopic,61] - portal.admin.topic 消息任务...
09:14:15.000 [taskScheduler-7] INFO  c.d.c.t.UserDataSendTask - [sendToQueue,95] - portal.admin.queue 消息任务...
09:14:15.000 [taskScheduler-8] INFO  c.d.c.t.UserDataSendTask - [sendToTopic2,78] - portal.admin.topic2 消息任务...
09:14:15.000 [taskScheduler-1] INFO  c.d.c.t.UserDataSendTask - [sendToQueue2,112] - portal.admin.queue2 消息任务...
09:14:20.004 [taskScheduler-3] INFO  c.d.c.t.UserDataSendTask - [sendToTopic2,78] - portal.admin.topic2 消息任务...
09:14:20.004 [taskScheduler-1] INFO  c.d.c.t.UserDataSendTask - [sendToQueue2,112] - portal.admin.queue2 消息任务...
09:14:20.004 [taskScheduler-6] INFO  c.d.c.t.UserDataSendTask - [sendToQueue,95] - portal.admin.queue 消息任务...
09:14:20.004 [taskScheduler-10] INFO  c.d.c.t.UserDataSendTask - [sendToTopic,61] - portal.admin.topic 消息任务...
09:14:25.001 [taskScheduler-9] INFO  c.d.c.t.UserDataSendTask - [sendToTopic,61] - portal.admin.topic 消息任务...
09:14:25.001 [taskScheduler-4] INFO  c.d.c.t.UserDataSendTask - [sendToTopic2,78] - portal.admin.topic2 消息任务...
09:14:25.001 [taskScheduler-1] INFO  c.d.c.t.UserDataSendTask - [sendToQueue2,112] - portal.admin.queue2 消息任务...
09:14:25.001 [taskScheduler-6] INFO  c.d.c.t.UserDataSendTask - [sendToQueue,95] - portal.admin.queue 消息任务...
09:14:30.000 [taskScheduler-2] INFO  c.d.c.t.UserDataSendTask - [sendToTopic,61] - portal.admin.topic 消息任务...
09:14:30.000 [taskScheduler-10] INFO  c.d.c.t.UserDataSendTask - [sendToQueue,95] - portal.admin.queue 消息任务...
09:14:30.000 [taskScheduler-4] INFO  c.d.c.t.UserDataSendTask - [sendToTopic2,78] - portal.admin.topic2 消息任务...
09:14:30.001 [taskScheduler-8] INFO  c.d.c.t.UserDataSendTask - [sendToQueue2,112] - portal.admin.queue2 消息任务...
09:14:35.227 [taskScheduler-3] INFO  c.d.c.t.UserDataSendTask - [sendToQueue2,112] - portal.admin.queue2 消息任务...
09:14:35.227 [taskScheduler-6] INFO  c.d.c.t.UserDataSendTask - [sendToTopic2,78] - portal.admin.topic2 消息任务...
09:14:35.227 [taskScheduler-2] INFO  c.d.c.t.UserDataSendTask - [sendToTopic,61] - portal.admin.topic 消息任务...
09:14:35.227 [taskScheduler-9] INFO  c.d.c.t.UserDataSendTask - [sendToQueue,95] - portal.admin.queue 消息任务...
09:14:40.000 [taskScheduler-3] INFO  c.d.c.t.UserDataSendTask - [sendToQueue2,112] - portal.admin.queue2 消息任务...
09:14:40.001 [taskScheduler-3] INFO  c.d.c.t.UserDataSendTask - [sendToQueue,95] - portal.admin.queue 消息任务...
09:14:40.002 [taskScheduler-7] INFO  c.d.c.t.UserDataSendTask - [sendToTopic2,78] - portal.admin.topic2 消息任务...
09:14:40.002 [taskScheduler-5] INFO  c.d.c.t.UserDataSendTask - [sendToTopic,61] - portal.admin.topic 消息任务...
09:14:45.022 [taskScheduler-1] INFO  c.d.c.t.UserDataSendTask - [sendToQueue,95] - portal.admin.queue 消息任务...
09:14:45.024 [taskScheduler-9] INFO  c.d.c.t.UserDataSendTask - [sendToTopic2,78] - portal.admin.topic2 消息任务...
09:14:45.029 [taskScheduler-8] INFO  c.d.c.t.UserDataSendTask - [sendToQueue2,112] - portal.admin.queue2 消息任务...
09:14:45.031 [taskScheduler-5] INFO  c.d.c.t.UserDataSendTask - [sendToTopic,61] - portal.admin.topic 消息任务...
09:14:50.097 [taskScheduler-9] INFO  c.d.c.t.UserDataSendTask - [sendToTopic,61] - portal.admin.topic 消息任务...
09:14:50.098 [taskScheduler-8] INFO  c.d.c.t.UserDataSendTask - [sendToTopic2,78] - portal.admin.topic2 消息任务...
09:14:50.098 [taskScheduler-3] INFO  c.d.c.t.UserDataSendTask - [sendToQueue2,112] - portal.admin.queue2 消息任务...
09:14:50.098 [taskScheduler-10] INFO  c.d.c.t.UserDataSendTask - [sendToQueue,95] - portal.admin.queue 消息任务...
09:14:55.001 [taskScheduler-4] INFO  c.d.c.t.UserDataSendTask - [sendToTopic2,78] - portal.admin.topic2 消息任务...
09:14:55.001 [taskScheduler-6] INFO  c.d.c.t.UserDataSendTask - [sendToQueue,95] - portal.admin.queue 消息任务...
09:14:55.002 [taskScheduler-1] INFO  c.d.c.t.UserDataSendTask - [sendToTopic,61] - portal.admin.topic 消息任务...
09:14:55.003 [taskScheduler-3] INFO  c.d.c.t.UserDataSendTask - [sendToQueue2,112] - portal.admin.queue2 消息任务...
09:15:00.000 [taskScheduler-7] INFO  c.d.c.t.UserDataSendTask - [sendToTopic2,78] - portal.admin.topic2 消息任务...
09:15:00.000 [taskScheduler-5] INFO  c.d.c.t.UserDataSendTask - [sendToQueue,95] - portal.admin.queue 消息任务...
09:15:00.000 [taskScheduler-9] INFO  c.d.c.t.UserDataSendTask - [sendToTopic,61] - portal.admin.topic 消息任务...
09:15:00.000 [taskScheduler-3] INFO  c.d.c.t.UserDataSendTask - [sendToQueue2,112] - portal.admin.queue2 消息任务...
09:15:08.628 [taskScheduler-7] INFO  c.d.c.t.UserDataSendTask - [sendToTopic,61] - portal.admin.topic 消息任务...
09:15:08.628 [taskScheduler-1] INFO  c.d.c.t.UserDataSendTask - [sendToQueue2,112] - portal.admin.queue2 消息任务...
09:15:08.628 [taskScheduler-4] INFO  c.d.c.t.UserDataSendTask - [sendToTopic2,78] - portal.admin.topic2 消息任务...
09:15:08.628 [taskScheduler-9] INFO  c.d.c.t.UserDataSendTask - [sendToQueue,95] - portal.admin.queue 消息任务...
09:15:10.000 [taskScheduler-8] INFO  c.d.c.t.UserDataSendTask - [sendToQueue,95] - portal.admin.queue 消息任务...
09:15:10.000 [taskScheduler-7] INFO  c.d.c.t.UserDataSendTask - [sendToTopic,61] - portal.admin.topic 消息任务...
09:15:10.001 [taskScheduler-2] INFO  c.d.c.t.UserDataSendTask - [sendToTopic2,78] - portal.admin.topic2 消息任务...
09:15:10.001 [taskScheduler-5] INFO  c.d.c.t.UserDataSendTask - [sendToQueue2,112] - portal.admin.queue2 消息任务...
09:15:15.001 [taskScheduler-7] INFO  c.d.c.t.UserDataSendTask - [sendToTopic,61] - portal.admin.topic 消息任务...
09:15:15.001 [taskScheduler-4] INFO  c.d.c.t.UserDataSendTask - [sendToQueue,95] - portal.admin.queue 消息任务...
09:15:15.002 [taskScheduler-9] INFO  c.d.c.t.UserDataSendTask - [sendToTopic2,78] - portal.admin.topic2 消息任务...
09:15:15.002 [taskScheduler-1] INFO  c.d.c.t.UserDataSendTask - [sendToQueue2,112] - portal.admin.queue2 消息任务...
09:15:20.008 [taskScheduler-10] INFO  c.d.c.t.UserDataSendTask - [sendToQueue,95] - portal.admin.queue 消息任务...
09:15:20.009 [taskScheduler-9] INFO  c.d.c.t.UserDataSendTask - [sendToTopic2,78] - portal.admin.topic2 消息任务...
09:15:20.009 [taskScheduler-5] INFO  c.d.c.t.UserDataSendTask - [sendToQueue2,112] - portal.admin.queue2 消息任务...
09:15:20.009 [taskScheduler-8] INFO  c.d.c.t.UserDataSendTask - [sendToTopic,61] - portal.admin.topic 消息任务...
09:15:25.000 [taskScheduler-10] INFO  c.d.c.t.UserDataSendTask - [sendToQueue,95] - portal.admin.queue 消息任务...
09:15:25.002 [taskScheduler-4] INFO  c.d.c.t.UserDataSendTask - [sendToTopic2,78] - portal.admin.topic2 消息任务...
09:15:25.004 [taskScheduler-7] INFO  c.d.c.t.UserDataSendTask - [sendToTopic,61] - portal.admin.topic 消息任务...
09:15:25.005 [taskScheduler-1] INFO  c.d.c.t.UserDataSendTask - [sendToQueue2,112] - portal.admin.queue2 消息任务...
09:15:30.007 [taskScheduler-8] INFO  c.d.c.t.UserDataSendTask - [sendToQueue,95] - portal.admin.queue 消息任务...
09:15:30.018 [taskScheduler-2] INFO  c.d.c.t.UserDataSendTask - [sendToTopic,61] - portal.admin.topic 消息任务...
09:15:30.018 [taskScheduler-6] INFO  c.d.c.t.UserDataSendTask - [sendToQueue2,112] - portal.admin.queue2 消息任务...
09:15:30.022 [taskScheduler-4] INFO  c.d.c.t.UserDataSendTask - [sendToTopic2,78] - portal.admin.topic2 消息任务...
09:15:35.001 [taskScheduler-9] INFO  c.d.c.t.UserDataSendTask - [sendToTopic,61] - portal.admin.topic 消息任务...
09:15:35.013 [taskScheduler-10] INFO  c.d.c.t.UserDataSendTask - [sendToTopic2,78] - portal.admin.topic2 消息任务...
09:15:35.024 [taskScheduler-5] INFO  c.d.c.t.UserDataSendTask - [sendToQueue,95] - portal.admin.queue 消息任务...
09:15:35.025 [taskScheduler-6] INFO  c.d.c.t.UserDataSendTask - [sendToQueue2,112] - portal.admin.queue2 消息任务...
09:15:40.001 [taskScheduler-10] INFO  c.d.c.t.UserDataSendTask - [sendToTopic2,78] - portal.admin.topic2 消息任务...
09:15:40.002 [taskScheduler-1] INFO  c.d.c.t.UserDataSendTask - [sendToQueue2,112] - portal.admin.queue2 消息任务...
09:15:40.002 [taskScheduler-8] INFO  c.d.c.t.UserDataSendTask - [sendToTopic,61] - portal.admin.topic 消息任务...
09:15:40.002 [taskScheduler-2] INFO  c.d.c.t.UserDataSendTask - [sendToQueue,95] - portal.admin.queue 消息任务...
09:15:45.007 [taskScheduler-5] INFO  c.d.c.t.UserDataSendTask - [sendToTopic2,78] - portal.admin.topic2 消息任务...
09:15:45.007 [taskScheduler-1] INFO  c.d.c.t.UserDataSendTask - [sendToTopic,61] - portal.admin.topic 消息任务...
09:15:45.007 [taskScheduler-9] INFO  c.d.c.t.UserDataSendTask - [sendToQueue,95] - portal.admin.queue 消息任务...
09:15:45.015 [taskScheduler-8] INFO  c.d.c.t.UserDataSendTask - [sendToQueue2,112] - portal.admin.queue2 消息任务...
09:15:50.002 [taskScheduler-3] INFO  c.d.c.t.UserDataSendTask - [sendToTopic,61] - portal.admin.topic 消息任务...
09:15:50.002 [taskScheduler-6] INFO  c.d.c.t.UserDataSendTask - [sendToQueue,95] - portal.admin.queue 消息任务...
09:15:50.002 [taskScheduler-2] INFO  c.d.c.t.UserDataSendTask - [sendToQueue2,112] - portal.admin.queue2 消息任务...
09:15:50.002 [taskScheduler-1] INFO  c.d.c.t.UserDataSendTask - [sendToTopic2,78] - portal.admin.topic2 消息任务...
09:15:55.001 [taskScheduler-5] INFO  c.d.c.t.UserDataSendTask - [sendToTopic,61] - portal.admin.topic 消息任务...
09:15:55.001 [taskScheduler-9] INFO  c.d.c.t.UserDataSendTask - [sendToQueue2,112] - portal.admin.queue2 消息任务...
09:15:55.001 [taskScheduler-10] INFO  c.d.c.t.UserDataSendTask - [sendToTopic2,78] - portal.admin.topic2 消息任务...
09:15:55.001 [taskScheduler-6] INFO  c.d.c.t.UserDataSendTask - [sendToQueue,95] - portal.admin.queue 消息任务...
09:16:00.010 [taskScheduler-4] INFO  c.d.c.t.UserDataSendTask - [sendToQueue2,112] - portal.admin.queue2 消息任务...
09:16:00.010 [taskScheduler-5] INFO  c.d.c.t.UserDataSendTask - [sendToTopic,61] - portal.admin.topic 消息任务...
09:16:00.010 [taskScheduler-6] INFO  c.d.c.t.UserDataSendTask - [sendToQueue,95] - portal.admin.queue 消息任务...
09:16:00.010 [taskScheduler-7] INFO  c.d.c.t.UserDataSendTask - [sendToTopic2,78] - portal.admin.topic2 消息任务...
09:16:05.000 [taskScheduler-8] INFO  c.d.c.t.UserDataSendTask - [sendToQueue2,112] - portal.admin.queue2 消息任务...
09:16:05.000 [taskScheduler-7] INFO  c.d.c.t.UserDataSendTask - [sendToTopic2,78] - portal.admin.topic2 消息任务...
09:16:05.000 [taskScheduler-8] INFO  c.d.c.t.UserDataSendTask - [sendToTopic,61] - portal.admin.topic 消息任务...
09:16:05.002 [taskScheduler-2] INFO  c.d.c.t.UserDataSendTask - [sendToQueue,95] - portal.admin.queue 消息任务...
09:16:10.001 [taskScheduler-10] INFO  c.d.c.t.UserDataSendTask - [sendToQueue2,112] - portal.admin.queue2 消息任务...
09:16:10.001 [taskScheduler-7] INFO  c.d.c.t.UserDataSendTask - [sendToTopic2,78] - portal.admin.topic2 消息任务...
09:16:10.001 [taskScheduler-10] INFO  c.d.c.t.UserDataSendTask - [sendToQueue,95] - portal.admin.queue 消息任务...
09:16:10.002 [taskScheduler-4] INFO  c.d.c.t.UserDataSendTask - [sendToTopic,61] - portal.admin.topic 消息任务...
09:16:15.006 [taskScheduler-3] INFO  c.d.c.t.UserDataSendTask - [sendToTopic,61] - portal.admin.topic 消息任务...
09:16:15.006 [taskScheduler-9] INFO  c.d.c.t.UserDataSendTask - [sendToTopic2,78] - portal.admin.topic2 消息任务...
09:16:15.006 [taskScheduler-1] INFO  c.d.c.t.UserDataSendTask - [sendToQueue2,112] - portal.admin.queue2 消息任务...
09:16:15.006 [taskScheduler-6] INFO  c.d.c.t.UserDataSendTask - [sendToQueue,95] - portal.admin.queue 消息任务...
09:16:20.000 [taskScheduler-5] INFO  c.d.c.t.UserDataSendTask - [sendToQueue,95] - portal.admin.queue 消息任务...
09:16:20.000 [taskScheduler-3] INFO  c.d.c.t.UserDataSendTask - [sendToTopic,61] - portal.admin.topic 消息任务...
09:16:20.002 [taskScheduler-4] INFO  c.d.c.t.UserDataSendTask - [sendToQueue2,112] - portal.admin.queue2 消息任务...
09:16:20.002 [taskScheduler-7] INFO  c.d.c.t.UserDataSendTask - [sendToTopic2,78] - portal.admin.topic2 消息任务...
09:16:25.001 [taskScheduler-4] INFO  c.d.c.t.UserDataSendTask - [sendToTopic2,78] - portal.admin.topic2 消息任务...
09:16:25.001 [taskScheduler-7] INFO  c.d.c.t.UserDataSendTask - [sendToQueue,95] - portal.admin.queue 消息任务...
09:16:25.001 [taskScheduler-6] INFO  c.d.c.t.UserDataSendTask - [sendToQueue2,112] - portal.admin.queue2 消息任务...
09:16:25.001 [taskScheduler-5] INFO  c.d.c.t.UserDataSendTask - [sendToTopic,61] - portal.admin.topic 消息任务...
09:16:30.435 [taskScheduler-10] INFO  c.d.c.t.UserDataSendTask - [sendToTopic,61] - portal.admin.topic 消息任务...
09:16:30.457 [taskScheduler-2] INFO  c.d.c.t.UserDataSendTask - [sendToTopic2,78] - portal.admin.topic2 消息任务...
09:16:30.481 [taskScheduler-6] INFO  c.d.c.t.UserDataSendTask - [sendToQueue2,112] - portal.admin.queue2 消息任务...
09:16:30.583 [taskScheduler-1] INFO  c.d.c.t.UserDataSendTask - [sendToQueue,95] - portal.admin.queue 消息任务...
09:16:35.065 [taskScheduler-7] INFO  c.d.c.t.UserDataSendTask - [sendToTopic,61] - portal.admin.topic 消息任务...
09:16:35.128 [taskScheduler-5] INFO  c.d.c.t.UserDataSendTask - [sendToQueue2,112] - portal.admin.queue2 消息任务...
09:16:35.144 [taskScheduler-4] INFO  c.d.c.t.UserDataSendTask - [sendToTopic2,78] - portal.admin.topic2 消息任务...
09:16:35.160 [taskScheduler-1] INFO  c.d.c.t.UserDataSendTask - [sendToQueue,95] - portal.admin.queue 消息任务...
09:16:40.001 [taskScheduler-3] INFO  c.d.c.t.UserDataSendTask - [sendToTopic,61] - portal.admin.topic 消息任务...
09:16:40.001 [taskScheduler-2] INFO  c.d.c.t.UserDataSendTask - [sendToQueue,95] - portal.admin.queue 消息任务...
09:16:40.001 [taskScheduler-6] INFO  c.d.c.t.UserDataSendTask - [sendToTopic2,78] - portal.admin.topic2 消息任务...
09:16:40.002 [taskScheduler-5] INFO  c.d.c.t.UserDataSendTask - [sendToQueue2,112] - portal.admin.queue2 消息任务...
09:16:45.042 [taskScheduler-2] INFO  c.d.c.t.UserDataSendTask - [sendToTopic2,78] - portal.admin.topic2 消息任务...
09:16:45.042 [taskScheduler-4] INFO  c.d.c.t.UserDataSendTask - [sendToTopic,61] - portal.admin.topic 消息任务...
09:16:45.042 [taskScheduler-6] INFO  c.d.c.t.UserDataSendTask - [sendToQueue,95] - portal.admin.queue 消息任务...
09:16:45.042 [taskScheduler-9] INFO  c.d.c.t.UserDataSendTask - [sendToQueue2,112] - portal.admin.queue2 消息任务...
09:16:50.032 [taskScheduler-3] INFO  c.d.c.t.UserDataSendTask - [sendToTopic,61] - portal.admin.topic 消息任务...
09:16:50.051 [taskScheduler-8] INFO  c.d.c.t.UserDataSendTask - [sendToTopic2,78] - portal.admin.topic2 消息任务...
09:16:50.053 [taskScheduler-5] INFO  c.d.c.t.UserDataSendTask - [sendToQueue,95] - portal.admin.queue 消息任务...
09:16:50.068 [taskScheduler-9] INFO  c.d.c.t.UserDataSendTask - [sendToQueue2,112] - portal.admin.queue2 消息任务...
09:16:55.001 [taskScheduler-5] INFO  c.d.c.t.UserDataSendTask - [sendToQueue,95] - portal.admin.queue 消息任务...
09:16:55.003 [taskScheduler-2] INFO  c.d.c.t.UserDataSendTask - [sendToTopic,61] - portal.admin.topic 消息任务...
09:16:55.003 [taskScheduler-6] INFO  c.d.c.t.UserDataSendTask - [sendToQueue2,112] - portal.admin.queue2 消息任务...
09:16:55.003 [taskScheduler-4] INFO  c.d.c.t.UserDataSendTask - [sendToTopic2,78] - portal.admin.topic2 消息任务...
09:17:00.006 [taskScheduler-2] INFO  c.d.c.t.UserDataSendTask - [sendToTopic,61] - portal.admin.topic 消息任务...
09:17:00.006 [taskScheduler-3] INFO  c.d.c.t.UserDataSendTask - [sendToQueue,95] - portal.admin.queue 消息任务...
09:17:00.006 [taskScheduler-8] INFO  c.d.c.t.UserDataSendTask - [sendToQueue2,112] - portal.admin.queue2 消息任务...
09:17:00.006 [taskScheduler-4] INFO  c.d.c.t.UserDataSendTask - [sendToTopic2,78] - portal.admin.topic2 消息任务...
09:17:05.002 [taskScheduler-5] INFO  c.d.c.t.UserDataSendTask - [sendToTopic,61] - portal.admin.topic 消息任务...
09:17:05.015 [taskScheduler-7] INFO  c.d.c.t.UserDataSendTask - [sendToQueue2,112] - portal.admin.queue2 消息任务...
09:17:05.015 [taskScheduler-7] INFO  c.d.c.t.UserDataSendTask - [sendToQueue,95] - portal.admin.queue 消息任务...
09:17:05.035 [taskScheduler-4] INFO  c.d.c.t.UserDataSendTask - [sendToTopic2,78] - portal.admin.topic2 消息任务...
09:17:10.001 [taskScheduler-10] INFO  c.d.c.t.UserDataSendTask - [sendToQueue,95] - portal.admin.queue 消息任务...
09:17:10.001 [taskScheduler-1] INFO  c.d.c.t.UserDataSendTask - [sendToQueue2,112] - portal.admin.queue2 消息任务...
09:17:10.001 [taskScheduler-1] INFO  c.d.c.t.UserDataSendTask - [sendToTopic,61] - portal.admin.topic 消息任务...
09:17:10.002 [taskScheduler-6] INFO  c.d.c.t.UserDataSendTask - [sendToTopic2,78] - portal.admin.topic2 消息任务...
09:17:16.289 [taskScheduler-6] INFO  c.d.c.t.UserDataSendTask - [sendToTopic,61] - portal.admin.topic 消息任务...
09:17:16.289 [taskScheduler-5] INFO  c.d.c.t.UserDataSendTask - [sendToQueue2,112] - portal.admin.queue2 消息任务...
09:17:16.289 [taskScheduler-8] INFO  c.d.c.t.UserDataSendTask - [sendToQueue,95] - portal.admin.queue 消息任务...
09:17:16.289 [taskScheduler-10] INFO  c.d.c.t.UserDataSendTask - [sendToTopic2,78] - portal.admin.topic2 消息任务...
09:17:20.002 [taskScheduler-5] INFO  c.d.c.t.UserDataSendTask - [sendToQueue2,112] - portal.admin.queue2 消息任务...
09:17:20.002 [taskScheduler-9] INFO  c.d.c.t.UserDataSendTask - [sendToTopic2,78] - portal.admin.topic2 消息任务...
09:17:20.002 [taskScheduler-3] INFO  c.d.c.t.UserDataSendTask - [sendToTopic,61] - portal.admin.topic 消息任务...
09:17:20.002 [taskScheduler-8] INFO  c.d.c.t.UserDataSendTask - [sendToQueue,95] - portal.admin.queue 消息任务...
09:17:25.000 [taskScheduler-3] INFO  c.d.c.t.UserDataSendTask - [sendToQueue,95] - portal.admin.queue 消息任务...
09:17:25.000 [taskScheduler-8] INFO  c.d.c.t.UserDataSendTask - [sendToTopic,61] - portal.admin.topic 消息任务...
09:17:25.002 [taskScheduler-7] INFO  c.d.c.t.UserDataSendTask - [sendToQueue2,112] - portal.admin.queue2 消息任务...
09:17:25.002 [taskScheduler-10] INFO  c.d.c.t.UserDataSendTask - [sendToTopic2,78] - portal.admin.topic2 消息任务...
09:17:30.007 [taskScheduler-9] INFO  c.d.c.t.UserDataSendTask - [sendToTopic2,78] - portal.admin.topic2 消息任务...
09:17:30.007 [taskScheduler-6] INFO  c.d.c.t.UserDataSendTask - [sendToQueue2,112] - portal.admin.queue2 消息任务...
09:17:30.007 [taskScheduler-3] INFO  c.d.c.t.UserDataSendTask - [sendToQueue,95] - portal.admin.queue 消息任务...
09:17:30.007 [taskScheduler-4] INFO  c.d.c.t.UserDataSendTask - [sendToTopic,61] - portal.admin.topic 消息任务...
09:17:35.000 [taskScheduler-10] INFO  c.d.c.t.UserDataSendTask - [sendToQueue2,112] - portal.admin.queue2 消息任务...
09:17:35.000 [taskScheduler-10] INFO  c.d.c.t.UserDataSendTask - [sendToTopic,61] - portal.admin.topic 消息任务...
09:17:35.004 [taskScheduler-2] INFO  c.d.c.t.UserDataSendTask - [sendToQueue,95] - portal.admin.queue 消息任务...
09:17:35.005 [taskScheduler-9] INFO  c.d.c.t.UserDataSendTask - [sendToTopic2,78] - portal.admin.topic2 消息任务...
09:17:40.002 [taskScheduler-1] INFO  c.d.c.t.UserDataSendTask - [sendToQueue2,112] - portal.admin.queue2 消息任务...
09:17:40.002 [taskScheduler-3] INFO  c.d.c.t.UserDataSendTask - [sendToQueue,95] - portal.admin.queue 消息任务...
09:17:40.002 [taskScheduler-4] INFO  c.d.c.t.UserDataSendTask - [sendToTopic,61] - portal.admin.topic 消息任务...
09:17:40.002 [taskScheduler-9] INFO  c.d.c.t.UserDataSendTask - [sendToTopic2,78] - portal.admin.topic2 消息任务...
09:17:45.002 [taskScheduler-7] INFO  c.d.c.t.UserDataSendTask - [sendToTopic,61] - portal.admin.topic 消息任务...
09:17:45.002 [taskScheduler-10] INFO  c.d.c.t.UserDataSendTask - [sendToTopic2,78] - portal.admin.topic2 消息任务...
09:17:45.002 [taskScheduler-6] INFO  c.d.c.t.UserDataSendTask - [sendToQueue,95] - portal.admin.queue 消息任务...
09:17:45.002 [taskScheduler-1] INFO  c.d.c.t.UserDataSendTask - [sendToQueue2,112] - portal.admin.queue2 消息任务...
09:17:50.001 [taskScheduler-8] INFO  c.d.c.t.UserDataSendTask - [sendToQueue,95] - portal.admin.queue 消息任务...
09:17:50.003 [taskScheduler-4] INFO  c.d.c.t.UserDataSendTask - [sendToTopic,61] - portal.admin.topic 消息任务...
09:17:50.003 [taskScheduler-2] INFO  c.d.c.t.UserDataSendTask - [sendToTopic2,78] - portal.admin.topic2 消息任务...
09:17:50.004 [taskScheduler-1] INFO  c.d.c.t.UserDataSendTask - [sendToQueue2,112] - portal.admin.queue2 消息任务...
09:17:55.000 [taskScheduler-2] INFO  c.d.c.t.UserDataSendTask - [sendToTopic2,78] - portal.admin.topic2 消息任务...
09:17:55.009 [taskScheduler-5] INFO  c.d.c.t.UserDataSendTask - [sendToQueue,95] - portal.admin.queue 消息任务...
09:17:55.009 [taskScheduler-6] INFO  c.d.c.t.UserDataSendTask - [sendToTopic,61] - portal.admin.topic 消息任务...
09:17:55.009 [taskScheduler-7] INFO  c.d.c.t.UserDataSendTask - [sendToQueue2,112] - portal.admin.queue2 消息任务...
09:18:00.001 [taskScheduler-8] INFO  c.d.c.t.UserDataSendTask - [sendToTopic2,78] - portal.admin.topic2 消息任务...
09:18:00.002 [taskScheduler-4] INFO  c.d.c.t.UserDataSendTask - [sendToQueue2,112] - portal.admin.queue2 消息任务...
09:18:00.002 [taskScheduler-3] INFO  c.d.c.t.UserDataSendTask - [sendToTopic,61] - portal.admin.topic 消息任务...
09:18:00.007 [taskScheduler-5] INFO  c.d.c.t.UserDataSendTask - [sendToQueue,95] - portal.admin.queue 消息任务...
09:18:05.001 [taskScheduler-5] INFO  c.d.c.t.UserDataSendTask - [sendToQueue,95] - portal.admin.queue 消息任务...
09:18:05.001 [taskScheduler-4] INFO  c.d.c.t.UserDataSendTask - [sendToQueue2,112] - portal.admin.queue2 消息任务...
09:18:05.001 [taskScheduler-4] INFO  c.d.c.t.UserDataSendTask - [sendToTopic2,78] - portal.admin.topic2 消息任务...
09:18:05.004 [taskScheduler-6] INFO  c.d.c.t.UserDataSendTask - [sendToTopic,61] - portal.admin.topic 消息任务...
09:18:10.023 [taskScheduler-10] INFO  c.d.c.t.UserDataSendTask - [sendToQueue2,112] - portal.admin.queue2 消息任务...
09:18:10.024 [taskScheduler-10] INFO  c.d.c.t.UserDataSendTask - [sendToQueue,95] - portal.admin.queue 消息任务...
09:18:10.031 [taskScheduler-4] INFO  c.d.c.t.UserDataSendTask - [sendToTopic2,78] - portal.admin.topic2 消息任务...
09:18:10.032 [taskScheduler-8] INFO  c.d.c.t.UserDataSendTask - [sendToTopic,61] - portal.admin.topic 消息任务...
09:18:15.001 [taskScheduler-2] INFO  c.d.c.t.UserDataSendTask - [sendToTopic2,78] - portal.admin.topic2 消息任务...
09:18:15.001 [taskScheduler-3] INFO  c.d.c.t.UserDataSendTask - [sendToTopic,61] - portal.admin.topic 消息任务...
09:18:15.001 [taskScheduler-7] INFO  c.d.c.t.UserDataSendTask - [sendToQueue2,112] - portal.admin.queue2 消息任务...
09:18:15.001 [taskScheduler-10] INFO  c.d.c.t.UserDataSendTask - [sendToQueue,95] - portal.admin.queue 消息任务...
09:18:20.001 [taskScheduler-9] INFO  c.d.c.t.UserDataSendTask - [sendToQueue,95] - portal.admin.queue 消息任务...
09:18:20.001 [taskScheduler-5] INFO  c.d.c.t.UserDataSendTask - [sendToQueue2,112] - portal.admin.queue2 消息任务...
09:18:20.001 [taskScheduler-7] INFO  c.d.c.t.UserDataSendTask - [sendToTopic2,78] - portal.admin.topic2 消息任务...
09:18:20.002 [taskScheduler-2] INFO  c.d.c.t.UserDataSendTask - [sendToTopic,61] - portal.admin.topic 消息任务...
09:18:25.007 [taskScheduler-10] INFO  c.d.c.t.UserDataSendTask - [sendToTopic2,78] - portal.admin.topic2 消息任务...
09:18:25.008 [taskScheduler-6] INFO  c.d.c.t.UserDataSendTask - [sendToQueue,95] - portal.admin.queue 消息任务...
09:18:25.015 [taskScheduler-1] INFO  c.d.c.t.UserDataSendTask - [sendToQueue2,112] - portal.admin.queue2 消息任务...
09:18:25.020 [taskScheduler-2] INFO  c.d.c.t.UserDataSendTask - [sendToTopic,61] - portal.admin.topic 消息任务...
09:18:30.000 [taskScheduler-8] INFO  c.d.c.t.UserDataSendTask - [sendToTopic2,78] - portal.admin.topic2 消息任务...
09:18:30.000 [taskScheduler-1] INFO  c.d.c.t.UserDataSendTask - [sendToQueue2,112] - portal.admin.queue2 消息任务...
09:18:30.001 [taskScheduler-1] INFO  c.d.c.t.UserDataSendTask - [sendToQueue,95] - portal.admin.queue 消息任务...
09:18:30.002 [taskScheduler-9] INFO  c.d.c.t.UserDataSendTask - [sendToTopic,61] - portal.admin.topic 消息任务...
09:18:35.002 [taskScheduler-4] INFO  c.d.c.t.UserDataSendTask - [sendToTopic2,78] - portal.admin.topic2 消息任务...
09:18:35.002 [taskScheduler-8] INFO  c.d.c.t.UserDataSendTask - [sendToQueue2,112] - portal.admin.queue2 消息任务...
09:18:35.002 [taskScheduler-5] INFO  c.d.c.t.UserDataSendTask - [sendToTopic,61] - portal.admin.topic 消息任务...
09:18:35.002 [taskScheduler-1] INFO  c.d.c.t.UserDataSendTask - [sendToQueue,95] - portal.admin.queue 消息任务...
09:18:40.002 [taskScheduler-9] INFO  c.d.c.t.UserDataSendTask - [sendToQueue,95] - portal.admin.queue 消息任务...
09:18:40.002 [taskScheduler-3] INFO  c.d.c.t.UserDataSendTask - [sendToTopic2,78] - portal.admin.topic2 消息任务...
09:18:40.002 [taskScheduler-8] INFO  c.d.c.t.UserDataSendTask - [sendToQueue2,112] - portal.admin.queue2 消息任务...
09:18:40.002 [taskScheduler-7] INFO  c.d.c.t.UserDataSendTask - [sendToTopic,61] - portal.admin.topic 消息任务...
09:18:45.001 [taskScheduler-2] INFO  c.d.c.t.UserDataSendTask - [sendToTopic2,78] - portal.admin.topic2 消息任务...
09:18:45.001 [taskScheduler-6] INFO  c.d.c.t.UserDataSendTask - [sendToTopic,61] - portal.admin.topic 消息任务...
09:18:45.001 [taskScheduler-8] INFO  c.d.c.t.UserDataSendTask - [sendToQueue2,112] - portal.admin.queue2 消息任务...
09:18:45.001 [taskScheduler-8] INFO  c.d.c.t.UserDataSendTask - [sendToQueue,95] - portal.admin.queue 消息任务...
09:18:50.004 [taskScheduler-10] INFO  c.d.c.t.UserDataSendTask - [sendToTopic,61] - portal.admin.topic 消息任务...
09:18:50.005 [taskScheduler-2] INFO  c.d.c.t.UserDataSendTask - [sendToTopic2,78] - portal.admin.topic2 消息任务...
09:18:50.006 [taskScheduler-5] INFO  c.d.c.t.UserDataSendTask - [sendToQueue,95] - portal.admin.queue 消息任务...
09:18:50.006 [taskScheduler-9] INFO  c.d.c.t.UserDataSendTask - [sendToQueue2,112] - portal.admin.queue2 消息任务...
09:18:55.001 [taskScheduler-8] INFO  c.d.c.t.UserDataSendTask - [sendToTopic2,78] - portal.admin.topic2 消息任务...
09:18:55.001 [taskScheduler-4] INFO  c.d.c.t.UserDataSendTask - [sendToQueue2,112] - portal.admin.queue2 消息任务...
09:18:55.001 [taskScheduler-6] INFO  c.d.c.t.UserDataSendTask - [sendToTopic,61] - portal.admin.topic 消息任务...
09:18:55.001 [taskScheduler-5] INFO  c.d.c.t.UserDataSendTask - [sendToQueue,95] - portal.admin.queue 消息任务...
09:19:00.000 [taskScheduler-3] INFO  c.d.c.t.UserDataSendTask - [sendToQueue,95] - portal.admin.queue 消息任务...
09:19:00.000 [taskScheduler-7] INFO  c.d.c.t.UserDataSendTask - [sendToTopic2,78] - portal.admin.topic2 消息任务...
09:19:00.000 [taskScheduler-4] INFO  c.d.c.t.UserDataSendTask - [sendToQueue2,112] - portal.admin.queue2 消息任务...
09:19:00.001 [taskScheduler-4] INFO  c.d.c.t.UserDataSendTask - [sendToTopic,61] - portal.admin.topic 消息任务...
09:19:05.005 [taskScheduler-8] INFO  c.d.c.t.UserDataSendTask - [sendToTopic,61] - portal.admin.topic 消息任务...
09:19:05.005 [taskScheduler-3] INFO  c.d.c.t.UserDataSendTask - [sendToQueue,95] - portal.admin.queue 消息任务...
09:19:05.005 [taskScheduler-10] INFO  c.d.c.t.UserDataSendTask - [sendToTopic2,78] - portal.admin.topic2 消息任务...
09:19:05.005 [taskScheduler-5] INFO  c.d.c.t.UserDataSendTask - [sendToQueue2,112] - portal.admin.queue2 消息任务...
09:19:10.002 [taskScheduler-7] INFO  c.d.c.t.UserDataSendTask - [sendToQueue,95] - portal.admin.queue 消息任务...
09:19:10.002 [taskScheduler-6] INFO  c.d.c.t.UserDataSendTask - [sendToQueue2,112] - portal.admin.queue2 消息任务...
09:19:10.002 [taskScheduler-10] INFO  c.d.c.t.UserDataSendTask - [sendToTopic,61] - portal.admin.topic 消息任务...
09:19:10.002 [taskScheduler-8] INFO  c.d.c.t.UserDataSendTask - [sendToTopic2,78] - portal.admin.topic2 消息任务...
09:19:15.000 [taskScheduler-6] INFO  c.d.c.t.UserDataSendTask - [sendToQueue2,112] - portal.admin.queue2 消息任务...
09:19:15.001 [taskScheduler-6] INFO  c.d.c.t.UserDataSendTask - [sendToTopic2,78] - portal.admin.topic2 消息任务...
09:19:15.002 [taskScheduler-5] INFO  c.d.c.t.UserDataSendTask - [sendToTopic,61] - portal.admin.topic 消息任务...
09:19:15.002 [taskScheduler-2] INFO  c.d.c.t.UserDataSendTask - [sendToQueue,95] - portal.admin.queue 消息任务...
09:19:20.004 [taskScheduler-9] INFO  c.d.c.t.UserDataSendTask - [sendToTopic,61] - portal.admin.topic 消息任务...
09:19:20.004 [taskScheduler-5] INFO  c.d.c.t.UserDataSendTask - [sendToQueue,95] - portal.admin.queue 消息任务...
09:19:20.004 [taskScheduler-1] INFO  c.d.c.t.UserDataSendTask - [sendToQueue2,112] - portal.admin.queue2 消息任务...
09:19:20.004 [taskScheduler-6] INFO  c.d.c.t.UserDataSendTask - [sendToTopic2,78] - portal.admin.topic2 消息任务...
09:19:25.001 [taskScheduler-3] INFO  c.d.c.t.UserDataSendTask - [sendToTopic2,78] - portal.admin.topic2 消息任务...
09:19:25.001 [taskScheduler-4] INFO  c.d.c.t.UserDataSendTask - [sendToTopic,61] - portal.admin.topic 消息任务...
09:19:25.006 [taskScheduler-5] INFO  c.d.c.t.UserDataSendTask - [sendToQueue,95] - portal.admin.queue 消息任务...
09:19:25.001 [taskScheduler-2] INFO  c.d.c.t.UserDataSendTask - [sendToQueue2,112] - portal.admin.queue2 消息任务...
09:19:30.001 [taskScheduler-8] INFO  c.d.c.t.UserDataSendTask - [sendToTopic2,78] - portal.admin.topic2 消息任务...
09:19:30.001 [taskScheduler-4] INFO  c.d.c.t.UserDataSendTask - [sendToTopic,61] - portal.admin.topic 消息任务...
09:19:30.001 [taskScheduler-5] INFO  c.d.c.t.UserDataSendTask - [sendToQueue,95] - portal.admin.queue 消息任务...
09:19:30.002 [taskScheduler-10] INFO  c.d.c.t.UserDataSendTask - [sendToQueue2,112] - portal.admin.queue2 消息任务...
09:19:35.003 [taskScheduler-6] INFO  c.d.c.t.UserDataSendTask - [sendToTopic2,78] - portal.admin.topic2 消息任务...
09:19:35.003 [taskScheduler-10] INFO  c.d.c.t.UserDataSendTask - [sendToQueue2,112] - portal.admin.queue2 消息任务...
09:19:35.003 [taskScheduler-9] INFO  c.d.c.t.UserDataSendTask - [sendToQueue,95] - portal.admin.queue 消息任务...
09:19:35.003 [taskScheduler-7] INFO  c.d.c.t.UserDataSendTask - [sendToTopic,61] - portal.admin.topic 消息任务...
09:19:40.001 [taskScheduler-1] INFO  c.d.c.t.UserDataSendTask - [sendToQueue2,112] - portal.admin.queue2 消息任务...
09:19:40.001 [taskScheduler-8] INFO  c.d.c.t.UserDataSendTask - [sendToTopic2,78] - portal.admin.topic2 消息任务...
09:19:40.001 [taskScheduler-7] INFO  c.d.c.t.UserDataSendTask - [sendToQueue,95] - portal.admin.queue 消息任务...
09:19:40.001 [taskScheduler-10] INFO  c.d.c.t.UserDataSendTask - [sendToTopic,61] - portal.admin.topic 消息任务...
09:19:45.001 [taskScheduler-3] INFO  c.d.c.t.UserDataSendTask - [sendToTopic,61] - portal.admin.topic 消息任务...
09:19:45.001 [taskScheduler-8] INFO  c.d.c.t.UserDataSendTask - [sendToQueue,95] - portal.admin.queue 消息任务...
09:19:45.001 [taskScheduler-6] INFO  c.d.c.t.UserDataSendTask - [sendToQueue2,112] - portal.admin.queue2 消息任务...
09:19:45.001 [taskScheduler-1] INFO  c.d.c.t.UserDataSendTask - [sendToTopic2,78] - portal.admin.topic2 消息任务...
09:19:50.004 [taskScheduler-3] INFO  c.d.c.t.UserDataSendTask - [sendToTopic,61] - portal.admin.topic 消息任务...
09:19:50.004 [taskScheduler-4] INFO  c.d.c.t.UserDataSendTask - [sendToTopic2,78] - portal.admin.topic2 消息任务...
09:19:50.004 [taskScheduler-5] INFO  c.d.c.t.UserDataSendTask - [sendToQueue2,112] - portal.admin.queue2 消息任务...
09:19:50.004 [taskScheduler-6] INFO  c.d.c.t.UserDataSendTask - [sendToQueue,95] - portal.admin.queue 消息任务...
09:19:55.002 [taskScheduler-1] INFO  c.d.c.t.UserDataSendTask - [sendToTopic,61] - portal.admin.topic 消息任务...
09:19:55.002 [taskScheduler-9] INFO  c.d.c.t.UserDataSendTask - [sendToQueue2,112] - portal.admin.queue2 消息任务...
09:19:55.002 [taskScheduler-8] INFO  c.d.c.t.UserDataSendTask - [sendToQueue,95] - portal.admin.queue 消息任务...
09:19:55.002 [taskScheduler-4] INFO  c.d.c.t.UserDataSendTask - [sendToTopic2,78] - portal.admin.topic2 消息任务...
09:20:00.000 [taskScheduler-3] INFO  c.d.c.t.UserDataSendTask - [sendToQueue,95] - portal.admin.queue 消息任务...
09:20:00.000 [taskScheduler-1] INFO  c.d.c.t.UserDataSendTask - [sendToTopic,61] - portal.admin.topic 消息任务...
09:20:00.014 [taskScheduler-6] INFO  c.d.c.t.UserDataSendTask - [sendToTopic2,78] - portal.admin.topic2 消息任务...
09:20:00.014 [taskScheduler-2] INFO  c.d.c.t.UserDataSendTask - [sendToQueue2,112] - portal.admin.queue2 消息任务...
09:20:05.001 [taskScheduler-5] INFO  c.d.c.t.UserDataSendTask - [sendToQueue,95] - portal.admin.queue 消息任务...
09:20:05.002 [taskScheduler-7] INFO  c.d.c.t.UserDataSendTask - [sendToTopic2,78] - portal.admin.topic2 消息任务...
09:20:05.002 [taskScheduler-4] INFO  c.d.c.t.UserDataSendTask - [sendToTopic,61] - portal.admin.topic 消息任务...
09:20:05.002 [taskScheduler-3] INFO  c.d.c.t.UserDataSendTask - [sendToQueue2,112] - portal.admin.queue2 消息任务...
09:20:10.001 [taskScheduler-2] INFO  c.d.c.t.UserDataSendTask - [sendToTopic2,78] - portal.admin.topic2 消息任务...
09:20:10.001 [taskScheduler-10] INFO  c.d.c.t.UserDataSendTask - [sendToQueue,95] - portal.admin.queue 消息任务...
09:20:10.001 [taskScheduler-9] INFO  c.d.c.t.UserDataSendTask - [sendToTopic,61] - portal.admin.topic 消息任务...
09:20:10.002 [taskScheduler-3] INFO  c.d.c.t.UserDataSendTask - [sendToQueue2,112] - portal.admin.queue2 消息任务...
09:20:15.003 [taskScheduler-2] INFO  c.d.c.t.UserDataSendTask - [sendToQueue,95] - portal.admin.queue 消息任务...
09:20:15.003 [taskScheduler-5] INFO  c.d.c.t.UserDataSendTask - [sendToQueue2,112] - portal.admin.queue2 消息任务...
09:20:15.003 [taskScheduler-9] INFO  c.d.c.t.UserDataSendTask - [sendToTopic,61] - portal.admin.topic 消息任务...
09:20:15.003 [taskScheduler-7] INFO  c.d.c.t.UserDataSendTask - [sendToTopic2,78] - portal.admin.topic2 消息任务...
09:20:20.001 [taskScheduler-4] INFO  c.d.c.t.UserDataSendTask - [sendToQueue,95] - portal.admin.queue 消息任务...
09:20:20.012 [taskScheduler-1] INFO  c.d.c.t.UserDataSendTask - [sendToQueue2,112] - portal.admin.queue2 消息任务...
09:20:20.012 [taskScheduler-8] INFO  c.d.c.t.UserDataSendTask - [sendToTopic2,78] - portal.admin.topic2 消息任务...
09:20:20.017 [taskScheduler-9] INFO  c.d.c.t.UserDataSendTask - [sendToTopic,61] - portal.admin.topic 消息任务...
09:20:25.001 [taskScheduler-3] INFO  c.d.c.t.UserDataSendTask - [sendToQueue,95] - portal.admin.queue 消息任务...
09:20:25.044 [taskScheduler-10] INFO  c.d.c.t.UserDataSendTask - [sendToTopic2,78] - portal.admin.topic2 消息任务...
09:20:25.048 [taskScheduler-6] INFO  c.d.c.t.UserDataSendTask - [sendToTopic,61] - portal.admin.topic 消息任务...
09:20:25.052 [taskScheduler-1] INFO  c.d.c.t.UserDataSendTask - [sendToQueue2,112] - portal.admin.queue2 消息任务...
09:20:30.001 [taskScheduler-8] INFO  c.d.c.t.UserDataSendTask - [sendToTopic,61] - portal.admin.topic 消息任务...
09:20:30.004 [taskScheduler-4] INFO  c.d.c.t.UserDataSendTask - [sendToQueue2,112] - portal.admin.queue2 消息任务...
09:20:30.004 [taskScheduler-2] INFO  c.d.c.t.UserDataSendTask - [sendToTopic2,78] - portal.admin.topic2 消息任务...
09:20:30.005 [taskScheduler-3] INFO  c.d.c.t.UserDataSendTask - [sendToQueue,95] - portal.admin.queue 消息任务...
09:20:35.004 [taskScheduler-6] INFO  c.d.c.t.UserDataSendTask - [sendToQueue2,112] - portal.admin.queue2 消息任务...
09:20:35.005 [taskScheduler-6] INFO  c.d.c.t.UserDataSendTask - [sendToQueue,95] - portal.admin.queue 消息任务...
09:20:35.016 [taskScheduler-5] INFO  c.d.c.t.UserDataSendTask - [sendToTopic,61] - portal.admin.topic 消息任务...
09:20:35.016 [taskScheduler-2] INFO  c.d.c.t.UserDataSendTask - [sendToTopic2,78] - portal.admin.topic2 消息任务...
09:20:40.004 [taskScheduler-9] INFO  c.d.c.t.UserDataSendTask - [sendToQueue,95] - portal.admin.queue 消息任务...
09:20:40.004 [taskScheduler-3] INFO  c.d.c.t.UserDataSendTask - [sendToTopic,61] - portal.admin.topic 消息任务...
09:20:40.005 [taskScheduler-1] INFO  c.d.c.t.UserDataSendTask - [sendToTopic2,78] - portal.admin.topic2 消息任务...
09:20:40.005 [taskScheduler-10] INFO  c.d.c.t.UserDataSendTask - [sendToQueue2,112] - portal.admin.queue2 消息任务...
09:20:45.001 [taskScheduler-8] INFO  c.d.c.t.UserDataSendTask - [sendToTopic,61] - portal.admin.topic 消息任务...
09:20:45.001 [taskScheduler-6] INFO  c.d.c.t.UserDataSendTask - [sendToQueue,95] - portal.admin.queue 消息任务...
09:20:45.001 [taskScheduler-4] INFO  c.d.c.t.UserDataSendTask - [sendToTopic2,78] - portal.admin.topic2 消息任务...
09:20:45.001 [taskScheduler-10] INFO  c.d.c.t.UserDataSendTask - [sendToQueue2,112] - portal.admin.queue2 消息任务...
09:20:50.000 [taskScheduler-6] INFO  c.d.c.t.UserDataSendTask - [sendToQueue,95] - portal.admin.queue 消息任务...
09:20:50.001 [taskScheduler-1] INFO  c.d.c.t.UserDataSendTask - [sendToTopic2,78] - portal.admin.topic2 消息任务...
09:20:50.001 [taskScheduler-9] INFO  c.d.c.t.UserDataSendTask - [sendToQueue2,112] - portal.admin.queue2 消息任务...
09:20:50.001 [taskScheduler-3] INFO  c.d.c.t.UserDataSendTask - [sendToTopic,61] - portal.admin.topic 消息任务...
09:20:55.011 [taskScheduler-2] INFO  c.d.c.t.UserDataSendTask - [sendToTopic2,78] - portal.admin.topic2 消息任务...
09:20:55.019 [taskScheduler-7] INFO  c.d.c.t.UserDataSendTask - [sendToQueue2,112] - portal.admin.queue2 消息任务...
09:20:55.050 [taskScheduler-9] INFO  c.d.c.t.UserDataSendTask - [sendToTopic,61] - portal.admin.topic 消息任务...
09:20:55.061 [taskScheduler-3] INFO  c.d.c.t.UserDataSendTask - [sendToQueue,95] - portal.admin.queue 消息任务...
09:21:00.002 [taskScheduler-8] INFO  c.d.c.t.UserDataSendTask - [sendToQueue,95] - portal.admin.queue 消息任务...
09:21:00.002 [taskScheduler-5] INFO  c.d.c.t.UserDataSendTask - [sendToTopic2,78] - portal.admin.topic2 消息任务...
09:21:00.002 [taskScheduler-4] INFO  c.d.c.t.UserDataSendTask - [sendToTopic,61] - portal.admin.topic 消息任务...
09:21:00.006 [taskScheduler-7] INFO  c.d.c.t.UserDataSendTask - [sendToQueue2,112] - portal.admin.queue2 消息任务...
09:21:05.000 [taskScheduler-1] INFO  c.d.c.t.UserDataSendTask - [sendToTopic2,78] - portal.admin.topic2 消息任务...
09:21:05.000 [taskScheduler-7] INFO  c.d.c.t.UserDataSendTask - [sendToQueue2,112] - portal.admin.queue2 消息任务...
09:21:05.000 [taskScheduler-7] INFO  c.d.c.t.UserDataSendTask - [sendToQueue,95] - portal.admin.queue 消息任务...
09:21:05.001 [taskScheduler-10] INFO  c.d.c.t.UserDataSendTask - [sendToTopic,61] - portal.admin.topic 消息任务...
09:21:27.497 [main] INFO  c.a.b.d.c.e.WelcomeLogoApplicationListener - [onApplicationEvent,53] - 

 :: Dubbo Spring Boot (v0.2.0) : https://github.com/apache/incubator-dubbo-spring-boot-project
 :: Dubbo (v2.6.2) : https://github.com/apache/incubator-dubbo
 :: Google group : dev@dubbo.incubator.apache.org

09:21:27.532 [main] INFO  c.a.b.d.c.e.OverrideDubboConfigApplicationListener - [onApplicationEvent,68] - Dubbo Config was overridden by externalized configuration {}
09:21:27.741 [main] INFO  c.d.c.BCusTabFieldInfoTest - [logStarting,50] - Starting BCusTabFieldInfoTest on SC-201906251903 with PID 102584 (started by Administrator in E:\peosonal\duker)
09:21:27.742 [main] INFO  c.d.c.BCusTabFieldInfoTest - [logStartupProfileInfo,648] - No active profile set, falling back to default profiles: default
09:21:32.458 [main] INFO  o.m.p.j.JmsPoolConnectionFactory - [setConnectionFactory,198] - Provided ConnectionFactory implementation is JMS 2.0+ capable.
09:21:35.302 [main] INFO  c.a.d.s.b.a.DruidDataSourceAutoConfigure - [dataSource,56] - Init DruidDataSource
09:21:36.227 [main] INFO  c.a.d.p.DruidDataSource - [init,930] - {dataSource-1} inited
09:21:45.968 [main] INFO  c.d.c.BCusTabFieldInfoTest - [logStarted,59] - Started BCusTabFieldInfoTest in 19.103 seconds (JVM running for 24.381)
09:21:49.117 [Thread-7] INFO  c.a.d.p.DruidDataSource - [close,1825] - {dataSource-1} closed
09:21:49.199 [Thread-7] INFO  c.a.d.c.s.b.f.a.ReferenceAnnotationBeanPostProcessor - [destroy,251] - class com.alibaba.dubbo.config.spring.beans.factory.annotation.ReferenceAnnotationBeanPostProcessor was destroying!
09:23:46.172 [main] INFO  c.a.b.d.c.e.WelcomeLogoApplicationListener - [onApplicationEvent,53] - 

 :: Dubbo Spring Boot (v0.2.0) : https://github.com/apache/incubator-dubbo-spring-boot-project
 :: Dubbo (v2.6.2) : https://github.com/apache/incubator-dubbo
 :: Google group : dev@dubbo.incubator.apache.org

09:23:46.182 [main] INFO  c.a.b.d.c.e.OverrideDubboConfigApplicationListener - [onApplicationEvent,68] - Dubbo Config was overridden by externalized configuration {}
09:23:46.422 [main] INFO  c.d.c.BCusTabFieldInfoTest - [logStarting,50] - Starting BCusTabFieldInfoTest on SC-201906251903 with PID 39532 (started by Administrator in E:\peosonal\duker)
09:23:46.423 [main] INFO  c.d.c.BCusTabFieldInfoTest - [logStartupProfileInfo,648] - No active profile set, falling back to default profiles: default
09:23:52.373 [main] INFO  o.m.p.j.JmsPoolConnectionFactory - [setConnectionFactory,198] - Provided ConnectionFactory implementation is JMS 2.0+ capable.
09:23:54.394 [main] INFO  c.a.d.s.b.a.DruidDataSourceAutoConfigure - [dataSource,56] - Init DruidDataSource
09:23:55.299 [main] INFO  c.a.d.p.DruidDataSource - [init,930] - {dataSource-1} inited
09:24:00.291 [main] INFO  c.d.c.BCusTabFieldInfoTest - [logStarted,59] - Started BCusTabFieldInfoTest in 14.768 seconds (JVM running for 16.922)
09:24:01.343 [Thread-7] INFO  c.a.d.p.DruidDataSource - [close,1825] - {dataSource-1} closed
09:24:01.398 [Thread-7] INFO  c.a.d.c.s.b.f.a.ReferenceAnnotationBeanPostProcessor - [destroy,251] - class com.alibaba.dubbo.config.spring.beans.factory.annotation.ReferenceAnnotationBeanPostProcessor was destroying!
09:26:04.538 [main] INFO  c.a.b.d.c.e.WelcomeLogoApplicationListener - [onApplicationEvent,53] - 

 :: Dubbo Spring Boot (v0.2.0) : https://github.com/apache/incubator-dubbo-spring-boot-project
 :: Dubbo (v2.6.2) : https://github.com/apache/incubator-dubbo
 :: Google group : dev@dubbo.incubator.apache.org

09:26:04.548 [main] INFO  c.a.b.d.c.e.OverrideDubboConfigApplicationListener - [onApplicationEvent,68] - Dubbo Config was overridden by externalized configuration {}
09:26:04.713 [main] INFO  c.d.c.BCusTabFieldInfoTest - [logStarting,50] - Starting BCusTabFieldInfoTest on SC-201906251903 with PID 103548 (started by Administrator in E:\peosonal\duker)
09:26:04.714 [main] INFO  c.d.c.BCusTabFieldInfoTest - [logStartupProfileInfo,648] - No active profile set, falling back to default profiles: default
09:26:10.671 [main] INFO  o.m.p.j.JmsPoolConnectionFactory - [setConnectionFactory,198] - Provided ConnectionFactory implementation is JMS 2.0+ capable.
09:26:12.394 [main] INFO  c.a.d.s.b.a.DruidDataSourceAutoConfigure - [dataSource,56] - Init DruidDataSource
09:26:13.325 [main] INFO  c.a.d.p.DruidDataSource - [init,930] - {dataSource-1} inited
09:26:18.080 [main] INFO  c.d.c.BCusTabFieldInfoTest - [logStarted,59] - Started BCusTabFieldInfoTest in 14.351 seconds (JVM running for 16.475)
09:26:19.149 [Thread-7] INFO  c.a.d.p.DruidDataSource - [close,1825] - {dataSource-1} closed
09:26:19.199 [Thread-7] INFO  c.a.d.c.s.b.f.a.ReferenceAnnotationBeanPostProcessor - [destroy,251] - class com.alibaba.dubbo.config.spring.beans.factory.annotation.ReferenceAnnotationBeanPostProcessor was destroying!
09:58:54.693 [main] INFO  c.a.b.d.c.e.WelcomeLogoApplicationListener - [onApplicationEvent,53] - 

 :: Dubbo Spring Boot (v0.2.0) : https://github.com/apache/incubator-dubbo-spring-boot-project
 :: Dubbo (v2.6.2) : https://github.com/apache/incubator-dubbo
 :: Google group : dev@dubbo.incubator.apache.org

09:58:54.736 [main] INFO  c.a.b.d.c.e.OverrideDubboConfigApplicationListener - [onApplicationEvent,68] - Dubbo Config was overridden by externalized configuration {}
09:58:55.175 [main] INFO  c.d.c.BCusTabFieldInfoTest - [logStarting,50] - Starting BCusTabFieldInfoTest on SC-201906251903 with PID 73220 (started by Administrator in E:\peosonal\duker)
09:58:55.177 [main] INFO  c.d.c.BCusTabFieldInfoTest - [logStartupProfileInfo,648] - No active profile set, falling back to default profiles: default
09:59:05.904 [main] INFO  o.m.p.j.JmsPoolConnectionFactory - [setConnectionFactory,198] - Provided ConnectionFactory implementation is JMS 2.0+ capable.
09:59:11.169 [main] INFO  c.a.d.s.b.a.DruidDataSourceAutoConfigure - [dataSource,56] - Init DruidDataSource
09:59:12.934 [main] INFO  c.a.d.p.DruidDataSource - [init,930] - {dataSource-1} inited
09:59:27.652 [main] INFO  c.d.c.BCusTabFieldInfoTest - [logStarted,59] - Started BCusTabFieldInfoTest in 34.284 seconds (JVM running for 59.424)
09:59:30.016 [taskScheduler-1] INFO  c.d.c.t.UserDataSendTask - [sendToQueue2,112] - portal.admin.queue2 消息任务...
09:59:30.018 [taskScheduler-3] INFO  c.d.c.t.UserDataSendTask - [sendToQueue,95] - portal.admin.queue 消息任务...
09:59:30.018 [taskScheduler-4] INFO  c.d.c.t.UserDataSendTask - [sendToTopic,61] - portal.admin.topic 消息任务...
09:59:30.018 [taskScheduler-2] INFO  c.d.c.t.UserDataSendTask - [sendToTopic2,78] - portal.admin.topic2 消息任务...
09:59:32.151 [Thread-22] INFO  c.a.d.p.DruidDataSource - [close,1825] - {dataSource-1} closed
09:59:32.523 [Thread-22] INFO  c.a.d.c.s.b.f.a.ReferenceAnnotationBeanPostProcessor - [destroy,251] - class com.alibaba.dubbo.config.spring.beans.factory.annotation.ReferenceAnnotationBeanPostProcessor was destroying!
10:01:40.115 [main] INFO  c.a.b.d.c.e.WelcomeLogoApplicationListener - [onApplicationEvent,53] - 

 :: Dubbo Spring Boot (v0.2.0) : https://github.com/apache/incubator-dubbo-spring-boot-project
 :: Dubbo (v2.6.2) : https://github.com/apache/incubator-dubbo
 :: Google group : dev@dubbo.incubator.apache.org

10:01:40.132 [main] INFO  c.a.b.d.c.e.OverrideDubboConfigApplicationListener - [onApplicationEvent,68] - Dubbo Config was overridden by externalized configuration {}
10:01:40.549 [main] INFO  c.d.c.DukerApplication - [logStarting,50] - Starting DukerApplication on SC-201906251903 with PID 60716 (E:\peosonal\duker\target\classes started by Administrator in E:\peosonal\duker)
10:01:40.551 [main] INFO  c.d.c.DukerApplication - [logStartupProfileInfo,648] - No active profile set, falling back to default profiles: default
10:01:46.257 [main] INFO  o.a.c.h.Http11NioProtocol - [log,173] - Initializing ProtocolHandler ["http-nio-9026"]
10:01:46.272 [main] INFO  o.a.c.c.StandardService - [log,173] - Starting service [Tomcat]
10:01:46.273 [main] INFO  o.a.c.c.StandardEngine - [log,173] - Starting Servlet engine: [Apache Tomcat/9.0.24]
10:01:46.517 [main] INFO  o.a.c.c.C.[.[.[/duker] - [log,173] - Initializing Spring embedded WebApplicationContext
10:01:47.165 [main] INFO  o.m.p.j.JmsPoolConnectionFactory - [setConnectionFactory,198] - Provided ConnectionFactory implementation is JMS 2.0+ capable.
10:01:48.755 [main] INFO  c.a.d.s.b.a.DruidDataSourceAutoConfigure - [dataSource,56] - Init DruidDataSource
10:01:49.416 [main] INFO  c.a.d.p.DruidDataSource - [init,930] - {dataSource-1} inited
10:01:53.814 [main] INFO  o.a.c.h.Http11NioProtocol - [log,173] - Starting ProtocolHandler ["http-nio-9026"]
10:01:53.915 [main] INFO  c.d.c.DukerApplication - [logStarted,59] - Started DukerApplication in 14.902 seconds (JVM running for 26.308)
10:01:55.003 [taskScheduler-3] INFO  c.d.c.t.UserDataSendTask - [sendToTopic2,78] - portal.admin.topic2 消息任务...
10:01:55.007 [taskScheduler-4] INFO  c.d.c.t.UserDataSendTask - [sendToQueue,95] - portal.admin.queue 消息任务...
10:01:55.011 [taskScheduler-2] INFO  c.d.c.t.UserDataSendTask - [sendToQueue2,112] - portal.admin.queue2 消息任务...
10:01:55.019 [taskScheduler-1] INFO  c.d.c.t.UserDataSendTask - [sendToTopic,61] - portal.admin.topic 消息任务...
10:02:00.001 [taskScheduler-5] INFO  c.d.c.t.UserDataSendTask - [sendToTopic2,78] - portal.admin.topic2 消息任务...
10:02:00.001 [taskScheduler-3] INFO  c.d.c.t.UserDataSendTask - [sendToQueue,95] - portal.admin.queue 消息任务...
10:02:00.002 [taskScheduler-1] INFO  c.d.c.t.UserDataSendTask - [sendToTopic,61] - portal.admin.topic 消息任务...
10:02:00.003 [taskScheduler-2] INFO  c.d.c.t.UserDataSendTask - [sendToQueue2,112] - portal.admin.queue2 消息任务...
10:02:05.015 [taskScheduler-4] INFO  c.d.c.t.UserDataSendTask - [sendToQueue,95] - portal.admin.queue 消息任务...
10:02:05.016 [taskScheduler-1] INFO  c.d.c.t.UserDataSendTask - [sendToTopic,61] - portal.admin.topic 消息任务...
10:02:05.016 [taskScheduler-2] INFO  c.d.c.t.UserDataSendTask - [sendToQueue2,112] - portal.admin.queue2 消息任务...
10:02:05.016 [taskScheduler-8] INFO  c.d.c.t.UserDataSendTask - [sendToTopic2,78] - portal.admin.topic2 消息任务...
10:02:10.001 [taskScheduler-10] INFO  c.d.c.t.UserDataSendTask - [sendToQueue2,112] - portal.admin.queue2 消息任务...
10:02:10.001 [taskScheduler-3] INFO  c.d.c.t.UserDataSendTask - [sendToTopic,61] - portal.admin.topic 消息任务...
10:02:10.001 [taskScheduler-7] INFO  c.d.c.t.UserDataSendTask - [sendToTopic2,78] - portal.admin.topic2 消息任务...
10:02:10.001 [taskScheduler-2] INFO  c.d.c.t.UserDataSendTask - [sendToQueue,95] - portal.admin.queue 消息任务...
10:02:15.001 [taskScheduler-5] INFO  c.d.c.t.UserDataSendTask - [sendToQueue,95] - portal.admin.queue 消息任务...
10:02:15.001 [taskScheduler-6] INFO  c.d.c.t.UserDataSendTask - [sendToTopic,61] - portal.admin.topic 消息任务...
10:02:15.002 [taskScheduler-10] INFO  c.d.c.t.UserDataSendTask - [sendToQueue2,112] - portal.admin.queue2 消息任务...
10:02:15.003 [taskScheduler-4] INFO  c.d.c.t.UserDataSendTask - [sendToTopic2,78] - portal.admin.topic2 消息任务...
10:02:20.005 [taskScheduler-2] INFO  c.d.c.t.UserDataSendTask - [sendToTopic,61] - portal.admin.topic 消息任务...
10:02:20.005 [taskScheduler-3] INFO  c.d.c.t.UserDataSendTask - [sendToQueue2,112] - portal.admin.queue2 消息任务...
10:02:20.005 [taskScheduler-5] INFO  c.d.c.t.UserDataSendTask - [sendToQueue,95] - portal.admin.queue 消息任务...
10:02:20.005 [taskScheduler-9] INFO  c.d.c.t.UserDataSendTask - [sendToTopic2,78] - portal.admin.topic2 消息任务...
10:02:25.002 [taskScheduler-1] INFO  c.d.c.t.UserDataSendTask - [sendToQueue2,112] - portal.admin.queue2 消息任务...
10:02:25.002 [taskScheduler-2] INFO  c.d.c.t.UserDataSendTask - [sendToTopic2,78] - portal.admin.topic2 消息任务...
10:02:25.002 [taskScheduler-4] INFO  c.d.c.t.UserDataSendTask - [sendToQueue,95] - portal.admin.queue 消息任务...
10:02:25.003 [taskScheduler-3] INFO  c.d.c.t.UserDataSendTask - [sendToTopic,61] - portal.admin.topic 消息任务...
10:02:30.000 [taskScheduler-10] INFO  c.d.c.t.UserDataSendTask - [sendToQueue,95] - portal.admin.queue 消息任务...
10:02:30.000 [taskScheduler-7] INFO  c.d.c.t.UserDataSendTask - [sendToTopic,61] - portal.admin.topic 消息任务...
10:02:30.001 [taskScheduler-1] INFO  c.d.c.t.UserDataSendTask - [sendToQueue2,112] - portal.admin.queue2 消息任务...
10:02:30.001 [taskScheduler-1] INFO  c.d.c.t.UserDataSendTask - [sendToTopic2,78] - portal.admin.topic2 消息任务...
10:02:35.006 [taskScheduler-6] INFO  c.d.c.t.UserDataSendTask - [sendToTopic,61] - portal.admin.topic 消息任务...
10:02:35.006 [taskScheduler-3] INFO  c.d.c.t.UserDataSendTask - [sendToQueue2,112] - portal.admin.queue2 消息任务...
10:02:35.006 [taskScheduler-1] INFO  c.d.c.t.UserDataSendTask - [sendToTopic2,78] - portal.admin.topic2 消息任务...
10:02:35.007 [taskScheduler-2] INFO  c.d.c.t.UserDataSendTask - [sendToQueue,95] - portal.admin.queue 消息任务...
10:02:40.002 [taskScheduler-10] INFO  c.d.c.t.UserDataSendTask - [sendToQueue,95] - portal.admin.queue 消息任务...
10:02:40.002 [taskScheduler-9] INFO  c.d.c.t.UserDataSendTask - [sendToQueue2,112] - portal.admin.queue2 消息任务...
10:02:40.002 [taskScheduler-7] INFO  c.d.c.t.UserDataSendTask - [sendToTopic,61] - portal.admin.topic 消息任务...
10:02:40.003 [taskScheduler-1] INFO  c.d.c.t.UserDataSendTask - [sendToTopic2,78] - portal.admin.topic2 消息任务...
10:02:45.000 [taskScheduler-2] INFO  c.d.c.t.UserDataSendTask - [sendToQueue,95] - portal.admin.queue 消息任务...
10:02:45.000 [taskScheduler-1] INFO  c.d.c.t.UserDataSendTask - [sendToTopic2,78] - portal.admin.topic2 消息任务...
10:02:45.001 [taskScheduler-5] INFO  c.d.c.t.UserDataSendTask - [sendToTopic,61] - portal.admin.topic 消息任务...
10:02:45.001 [taskScheduler-9] INFO  c.d.c.t.UserDataSendTask - [sendToQueue2,112] - portal.admin.queue2 消息任务...
10:02:50.004 [taskScheduler-7] INFO  c.d.c.t.UserDataSendTask - [sendToTopic2,78] - portal.admin.topic2 消息任务...
10:02:50.004 [taskScheduler-2] INFO  c.d.c.t.UserDataSendTask - [sendToQueue,95] - portal.admin.queue 消息任务...
10:02:50.004 [taskScheduler-4] INFO  c.d.c.t.UserDataSendTask - [sendToQueue2,112] - portal.admin.queue2 消息任务...
10:02:50.004 [taskScheduler-6] INFO  c.d.c.t.UserDataSendTask - [sendToTopic,61] - portal.admin.topic 消息任务...
10:02:55.001 [taskScheduler-3] INFO  c.d.c.t.UserDataSendTask - [sendToQueue2,112] - portal.admin.queue2 消息任务...
10:02:55.001 [taskScheduler-4] INFO  c.d.c.t.UserDataSendTask - [sendToQueue,95] - portal.admin.queue 消息任务...
10:02:55.001 [taskScheduler-5] INFO  c.d.c.t.UserDataSendTask - [sendToTopic2,78] - portal.admin.topic2 消息任务...
10:02:55.002 [taskScheduler-6] INFO  c.d.c.t.UserDataSendTask - [sendToTopic,61] - portal.admin.topic 消息任务...
10:03:00.014 [taskScheduler-7] INFO  c.d.c.t.UserDataSendTask - [sendToTopic2,78] - portal.admin.topic2 消息任务...
10:03:00.014 [taskScheduler-4] INFO  c.d.c.t.UserDataSendTask - [sendToQueue,95] - portal.admin.queue 消息任务...
10:03:00.014 [taskScheduler-9] INFO  c.d.c.t.UserDataSendTask - [sendToQueue2,112] - portal.admin.queue2 消息任务...
10:03:00.014 [taskScheduler-2] INFO  c.d.c.t.UserDataSendTask - [sendToTopic,61] - portal.admin.topic 消息任务...
10:03:05.000 [taskScheduler-8] INFO  c.d.c.t.UserDataSendTask - [sendToTopic,61] - portal.admin.topic 消息任务...
10:03:05.000 [taskScheduler-10] INFO  c.d.c.t.UserDataSendTask - [sendToQueue,95] - portal.admin.queue 消息任务...
10:03:05.000 [taskScheduler-6] INFO  c.d.c.t.UserDataSendTask - [sendToTopic2,78] - portal.admin.topic2 消息任务...
10:03:05.000 [taskScheduler-9] INFO  c.d.c.t.UserDataSendTask - [sendToQueue2,112] - portal.admin.queue2 消息任务...
10:03:10.001 [taskScheduler-1] INFO  c.d.c.t.UserDataSendTask - [sendToQueue2,112] - portal.admin.queue2 消息任务...
10:03:10.001 [taskScheduler-4] INFO  c.d.c.t.UserDataSendTask - [sendToQueue,95] - portal.admin.queue 消息任务...
10:03:10.001 [taskScheduler-8] INFO  c.d.c.t.UserDataSendTask - [sendToTopic,61] - portal.admin.topic 消息任务...
10:03:10.002 [taskScheduler-7] INFO  c.d.c.t.UserDataSendTask - [sendToTopic2,78] - portal.admin.topic2 消息任务...
10:03:15.003 [taskScheduler-7] INFO  c.d.c.t.UserDataSendTask - [sendToTopic2,78] - portal.admin.topic2 消息任务...
10:03:15.003 [taskScheduler-10] INFO  c.d.c.t.UserDataSendTask - [sendToQueue,95] - portal.admin.queue 消息任务...
10:03:15.003 [taskScheduler-8] INFO  c.d.c.t.UserDataSendTask - [sendToTopic,61] - portal.admin.topic 消息任务...
10:03:15.003 [taskScheduler-1] INFO  c.d.c.t.UserDataSendTask - [sendToQueue2,112] - portal.admin.queue2 消息任务...
10:03:20.001 [taskScheduler-3] INFO  c.d.c.t.UserDataSendTask - [sendToQueue,95] - portal.admin.queue 消息任务...
10:03:20.001 [taskScheduler-5] INFO  c.d.c.t.UserDataSendTask - [sendToQueue2,112] - portal.admin.queue2 消息任务...
10:03:20.001 [taskScheduler-7] INFO  c.d.c.t.UserDataSendTask - [sendToTopic2,78] - portal.admin.topic2 消息任务...
10:03:20.001 [taskScheduler-1] INFO  c.d.c.t.UserDataSendTask - [sendToTopic,61] - portal.admin.topic 消息任务...
10:03:43.018 [main] INFO  c.a.b.d.c.e.WelcomeLogoApplicationListener - [onApplicationEvent,53] - 

 :: Dubbo Spring Boot (v0.2.0) : https://github.com/apache/incubator-dubbo-spring-boot-project
 :: Dubbo (v2.6.2) : https://github.com/apache/incubator-dubbo
 :: Google group : dev@dubbo.incubator.apache.org

10:03:43.035 [main] INFO  c.a.b.d.c.e.OverrideDubboConfigApplicationListener - [onApplicationEvent,68] - Dubbo Config was overridden by externalized configuration {}
10:03:43.380 [main] INFO  c.d.c.DukerApplication - [logStarting,50] - Starting DukerApplication on SC-201906251903 with PID 59140 (E:\peosonal\duker\target\classes started by Administrator in E:\peosonal\duker)
10:03:43.381 [main] INFO  c.d.c.DukerApplication - [logStartupProfileInfo,648] - No active profile set, falling back to default profiles: default
10:03:48.401 [main] INFO  o.a.c.h.Http11NioProtocol - [log,173] - Initializing ProtocolHandler ["http-nio-9026"]
10:03:48.417 [main] INFO  o.a.c.c.StandardService - [log,173] - Starting service [Tomcat]
10:03:48.418 [main] INFO  o.a.c.c.StandardEngine - [log,173] - Starting Servlet engine: [Apache Tomcat/9.0.24]
10:03:48.650 [main] INFO  o.a.c.c.C.[.[.[/duker] - [log,173] - Initializing Spring embedded WebApplicationContext
10:03:49.263 [main] INFO  o.m.p.j.JmsPoolConnectionFactory - [setConnectionFactory,198] - Provided ConnectionFactory implementation is JMS 2.0+ capable.
10:03:50.653 [main] INFO  c.a.d.s.b.a.DruidDataSourceAutoConfigure - [dataSource,56] - Init DruidDataSource
10:03:51.311 [main] INFO  c.a.d.p.DruidDataSource - [init,930] - {dataSource-1} inited
10:03:55.460 [main] INFO  o.a.c.h.Http11NioProtocol - [log,173] - Starting ProtocolHandler ["http-nio-9026"]
10:03:55.577 [main] INFO  c.d.c.DukerApplication - [logStarted,59] - Started DukerApplication in 13.564 seconds (JVM running for 25.03)
10:05:37.904 [http-nio-9026-exec-1] INFO  o.a.c.c.C.[.[.[/duker] - [log,173] - Initializing Spring DispatcherServlet 'dispatcherServlet'
10:16:11.882 [main] INFO  c.b.d.s.DukerServerApplication - [logStarting,50] - Starting DukerServerApplication on SC-201906251903 with PID 78528 (E:\peosonal\zheng\zheng-springboot-demo\duker-server\target\classes started by Administrator in E:\peosonal\duker)
10:16:11.895 [main] INFO  c.b.d.s.DukerServerApplication - [logStartupProfileInfo,648] - No active profile set, falling back to default profiles: default
10:16:22.904 [main] INFO  o.a.c.h.Http11NioProtocol - [log,173] - Initializing ProtocolHandler ["http-nio-9528"]
10:16:22.926 [main] INFO  o.a.c.c.StandardService - [log,173] - Starting service [Tomcat]
10:16:22.927 [main] INFO  o.a.c.c.StandardEngine - [log,173] - Starting Servlet engine: [Apache Tomcat/9.0.26]
10:16:23.964 [main] INFO  o.a.c.c.C.[.[.[/duker-server] - [log,173] - Initializing Spring embedded WebApplicationContext
10:16:26.023 [main] INFO  c.a.d.s.b.a.DruidDataSourceAutoConfigure - [dataSource,56] - Init DruidDataSource
10:16:27.191 [main] INFO  c.a.d.p.DruidDataSource - [init,930] - {dataSource-1} inited
10:16:33.312 [main] INFO  o.m.p.j.JmsPoolConnectionFactory - [setConnectionFactory,198] - Provided ConnectionFactory implementation is JMS 2.0+ capable.
10:16:34.161 [main] INFO  o.a.c.h.Http11NioProtocol - [log,173] - Starting ProtocolHandler ["http-nio-9528"]
10:16:34.286 [main] INFO  c.b.d.s.DukerServerApplication - [logStarted,59] - Started DukerServerApplication in 25.261 seconds (JVM running for 42.201)
