13:52:06.413 [main] INFO  c.a.b.d.c.e.WelcomeLogoApplicationListener - [onApplicationEvent,53] - 

 :: Dubbo Spring Boot (v0.2.0) : https://github.com/apache/incubator-dubbo-spring-boot-project
 :: Dubbo (v2.6.2) : https://github.com/apache/incubator-dubbo
 :: Google group : dev@dubbo.incubator.apache.org

13:52:06.560 [main] INFO  c.a.b.d.c.e.OverrideDubboConfigApplicationListener - [onApplicationEvent,68] - Dubbo Config was overridden by externalized configuration {}
13:52:11.166 [main] INFO  c.d.c.DukerApplication - [logStarting,50] - Starting DukerApplication on SC-201906251903 with PID 26864 (E:\peosonal\duker\target\classes started by Administrator in E:\peosonal\duker)
13:52:11.167 [main] INFO  c.d.c.DukerApplication - [logStartupProfileInfo,648] - No active profile set, falling back to default profiles: default
13:52:34.254 [main] INFO  o.a.c.h.Http11NioProtocol - [log,173] - Initializing ProtocolHandler ["http-nio-9026"]
13:52:34.284 [main] INFO  o.a.c.c.StandardService - [log,173] - Starting service [Tomcat]
13:52:34.284 [main] INFO  o.a.c.c.StandardEngine - [log,173] - Starting Servlet engine: [Apache Tomcat/9.0.24]
13:52:34.830 [main] INFO  o.a.c.c.C.[.[.[/duker] - [log,173] - Initializing Spring embedded WebApplicationContext
13:52:43.941 [main] INFO  c.a.d.s.b.a.DruidDataSourceAutoConfigure - [dataSource,56] - Init DruidDataSource
13:52:44.112 [main] INFO  c.a.d.p.DruidDataSource - [init,930] - {dataSource-1} inited
13:52:49.410 [main] INFO  o.a.c.h.Http11NioProtocol - [log,173] - Starting ProtocolHandler ["http-nio-9026"]
13:52:49.535 [main] INFO  c.d.c.DukerApplication - [logStarted,59] - Started DukerApplication in 46.257 seconds (JVM running for 64.124)
13:53:59.222 [http-nio-9026-exec-2] INFO  o.a.c.c.C.[.[.[/duker] - [log,173] - Initializing Spring DispatcherServlet 'dispatcherServlet'
16:31:07.314 [main] INFO  c.b.d.s.DukerServerApplication - [logStarting,50] - Starting DukerServerApplication on SC-201906251903 with PID 72764 (E:\peosonal\zheng\zheng-springboot-demo\duker-server\target\classes started by Administrator in E:\peosonal\duker)
16:31:07.328 [main] INFO  c.b.d.s.DukerServerApplication - [logStartupProfileInfo,648] - No active profile set, falling back to default profiles: default
16:31:23.690 [main] INFO  o.a.c.h.Http11NioProtocol - [log,173] - Initializing ProtocolHandler ["http-nio-9528"]
16:31:23.714 [main] INFO  o.a.c.c.StandardService - [log,173] - Starting service [Tomcat]
16:31:23.715 [main] INFO  o.a.c.c.StandardEngine - [log,173] - Starting Servlet engine: [Apache Tomcat/9.0.26]
16:31:24.232 [main] INFO  o.a.c.c.C.[.[.[/] - [log,173] - Initializing Spring embedded WebApplicationContext
16:31:26.911 [main] INFO  c.a.d.s.b.a.DruidDataSourceAutoConfigure - [dataSource,56] - Init DruidDataSource
16:31:27.208 [main] INFO  c.a.d.p.DruidDataSource - [init,930] - {dataSource-1} inited
16:31:30.092 [main] INFO  o.a.c.h.Http11NioProtocol - [log,173] - Starting ProtocolHandler ["http-nio-9528"]
16:31:30.212 [main] INFO  c.b.d.s.DukerServerApplication - [logStarted,59] - Started DukerServerApplication in 31.896 seconds (JVM running for 50.381)
16:51:57.569 [main] INFO  c.b.d.s.DukerServerApplication - [logStarting,50] - Starting DukerServerApplication on SC-201906251903 with PID 44484 (E:\peosonal\zheng\zheng-springboot-demo\duker-server\target\classes started by Administrator in E:\peosonal\duker)
16:51:57.589 [main] INFO  c.b.d.s.DukerServerApplication - [logStartupProfileInfo,648] - No active profile set, falling back to default profiles: default
16:52:07.833 [main] INFO  o.a.c.h.Http11NioProtocol - [log,173] - Initializing ProtocolHandler ["http-nio-9528"]
16:52:07.848 [main] INFO  o.a.c.c.StandardService - [log,173] - Starting service [Tomcat]
16:52:07.849 [main] INFO  o.a.c.c.StandardEngine - [log,173] - Starting Servlet engine: [Apache Tomcat/9.0.26]
16:52:08.096 [main] INFO  o.a.c.c.C.[.[.[/] - [log,173] - Initializing Spring embedded WebApplicationContext
16:52:09.363 [main] INFO  c.a.d.s.b.a.DruidDataSourceAutoConfigure - [dataSource,56] - Init DruidDataSource
16:52:09.524 [main] INFO  c.a.d.p.DruidDataSource - [init,930] - {dataSource-1} inited
16:52:11.676 [main] INFO  o.a.c.h.Http11NioProtocol - [log,173] - Starting ProtocolHandler ["http-nio-9528"]
16:52:11.758 [main] INFO  c.b.d.s.DukerServerApplication - [logStarted,59] - Started DukerServerApplication in 16.545 seconds (JVM running for 29.657)
16:52:43.880 [main] INFO  c.a.b.d.c.e.WelcomeLogoApplicationListener - [onApplicationEvent,53] - 

 :: Dubbo Spring Boot (v0.2.0) : https://github.com/apache/incubator-dubbo-spring-boot-project
 :: Dubbo (v2.6.2) : https://github.com/apache/incubator-dubbo
 :: Google group : dev@dubbo.incubator.apache.org

16:52:43.893 [main] INFO  c.a.b.d.c.e.OverrideDubboConfigApplicationListener - [onApplicationEvent,68] - Dubbo Config was overridden by externalized configuration {}
16:52:44.236 [main] INFO  c.d.c.DukerApplication - [logStarting,50] - Starting DukerApplication on SC-201906251903 with PID 93520 (E:\peosonal\duker\target\classes started by Administrator in E:\peosonal\duker)
16:52:44.237 [main] INFO  c.d.c.DukerApplication - [logStartupProfileInfo,648] - No active profile set, falling back to default profiles: default
16:52:51.822 [main] INFO  o.a.c.h.Http11NioProtocol - [log,173] - Initializing ProtocolHandler ["http-nio-9026"]
16:52:51.860 [main] INFO  o.a.c.c.StandardService - [log,173] - Starting service [Tomcat]
16:52:51.860 [main] INFO  o.a.c.c.StandardEngine - [log,173] - Starting Servlet engine: [Apache Tomcat/9.0.24]
16:52:52.193 [main] INFO  o.a.c.c.C.[.[.[/duker] - [log,173] - Initializing Spring embedded WebApplicationContext
16:52:58.591 [main] INFO  c.a.d.s.b.a.DruidDataSourceAutoConfigure - [dataSource,56] - Init DruidDataSource
16:52:59.476 [main] INFO  c.a.d.p.DruidDataSource - [init,930] - {dataSource-1} inited
16:53:01.554 [main] INFO  o.a.c.h.Http11NioProtocol - [log,173] - Starting ProtocolHandler ["http-nio-9026"]
16:53:01.635 [main] INFO  c.d.c.DukerApplication - [logStarted,59] - Started DukerApplication in 18.904 seconds (JVM running for 34.276)
17:31:54.992 [main] INFO  c.a.b.d.c.e.WelcomeLogoApplicationListener - [onApplicationEvent,53] - 

 :: Dubbo Spring Boot (v0.2.0) : https://github.com/apache/incubator-dubbo-spring-boot-project
 :: Dubbo (v2.6.2) : https://github.com/apache/incubator-dubbo
 :: Google group : dev@dubbo.incubator.apache.org

17:31:55.010 [main] INFO  c.a.b.d.c.e.OverrideDubboConfigApplicationListener - [onApplicationEvent,68] - Dubbo Config was overridden by externalized configuration {}
17:31:55.402 [main] INFO  c.d.c.DukerApplication - [logStarting,50] - Starting DukerApplication on SC-201906251903 with PID 45976 (E:\peosonal\duker\target\classes started by Administrator in E:\peosonal\duker)
17:31:55.403 [main] INFO  c.d.c.DukerApplication - [logStartupProfileInfo,648] - No active profile set, falling back to default profiles: default
17:32:00.946 [main] INFO  o.a.c.h.Http11NioProtocol - [log,173] - Initializing ProtocolHandler ["http-nio-9026"]
17:32:00.972 [main] INFO  o.a.c.c.StandardService - [log,173] - Starting service [Tomcat]
17:32:00.973 [main] INFO  o.a.c.c.StandardEngine - [log,173] - Starting Servlet engine: [Apache Tomcat/9.0.24]
17:32:01.229 [main] INFO  o.a.c.c.C.[.[.[/duker] - [log,173] - Initializing Spring embedded WebApplicationContext
17:32:03.659 [main] INFO  c.a.d.c.s.b.f.a.ReferenceAnnotationBeanPostProcessor - [destroy,251] - class com.alibaba.dubbo.config.spring.beans.factory.annotation.ReferenceAnnotationBeanPostProcessor was destroying!
17:32:03.666 [main] INFO  o.a.c.c.StandardService - [log,173] - Stopping service [Tomcat]
17:34:06.327 [main] INFO  c.a.b.d.c.e.WelcomeLogoApplicationListener - [onApplicationEvent,53] - 

 :: Dubbo Spring Boot (v0.2.0) : https://github.com/apache/incubator-dubbo-spring-boot-project
 :: Dubbo (v2.6.2) : https://github.com/apache/incubator-dubbo
 :: Google group : dev@dubbo.incubator.apache.org

17:34:06.355 [main] INFO  c.a.b.d.c.e.OverrideDubboConfigApplicationListener - [onApplicationEvent,68] - Dubbo Config was overridden by externalized configuration {}
17:34:06.686 [main] INFO  c.d.c.DukerApplication - [logStarting,50] - Starting DukerApplication on SC-201906251903 with PID 101368 (E:\peosonal\duker\target\classes started by Administrator in E:\peosonal\duker)
17:34:06.687 [main] INFO  c.d.c.DukerApplication - [logStartupProfileInfo,648] - No active profile set, falling back to default profiles: default
17:34:11.542 [main] INFO  o.a.c.h.Http11NioProtocol - [log,173] - Initializing ProtocolHandler ["http-nio-9026"]
17:34:11.558 [main] INFO  o.a.c.c.StandardService - [log,173] - Starting service [Tomcat]
17:34:11.558 [main] INFO  o.a.c.c.StandardEngine - [log,173] - Starting Servlet engine: [Apache Tomcat/9.0.24]
17:34:11.799 [main] INFO  o.a.c.c.C.[.[.[/duker] - [log,173] - Initializing Spring embedded WebApplicationContext
17:34:13.496 [main] INFO  c.a.d.s.b.a.DruidDataSourceAutoConfigure - [dataSource,56] - Init DruidDataSource
17:34:14.148 [main] INFO  c.a.d.p.DruidDataSource - [init,930] - {dataSource-1} inited
17:34:17.518 [main] INFO  c.a.d.p.DruidDataSource - [close,1825] - {dataSource-1} closed
17:34:17.579 [main] INFO  c.a.d.c.s.b.f.a.ReferenceAnnotationBeanPostProcessor - [destroy,251] - class com.alibaba.dubbo.config.spring.beans.factory.annotation.ReferenceAnnotationBeanPostProcessor was destroying!
17:34:17.586 [main] INFO  o.a.c.c.StandardService - [log,173] - Stopping service [Tomcat]
17:37:35.243 [main] INFO  c.a.b.d.c.e.WelcomeLogoApplicationListener - [onApplicationEvent,53] - 

 :: Dubbo Spring Boot (v0.2.0) : https://github.com/apache/incubator-dubbo-spring-boot-project
 :: Dubbo (v2.6.2) : https://github.com/apache/incubator-dubbo
 :: Google group : dev@dubbo.incubator.apache.org

17:37:35.258 [main] INFO  c.a.b.d.c.e.OverrideDubboConfigApplicationListener - [onApplicationEvent,68] - Dubbo Config was overridden by externalized configuration {}
17:37:35.606 [main] INFO  c.d.c.DukerApplication - [logStarting,50] - Starting DukerApplication on SC-201906251903 with PID 14928 (E:\peosonal\duker\target\classes started by Administrator in E:\peosonal\duker)
17:37:35.607 [main] INFO  c.d.c.DukerApplication - [logStartupProfileInfo,648] - No active profile set, falling back to default profiles: default
17:37:40.734 [main] INFO  o.a.c.h.Http11NioProtocol - [log,173] - Initializing ProtocolHandler ["http-nio-9026"]
17:37:40.749 [main] INFO  o.a.c.c.StandardService - [log,173] - Starting service [Tomcat]
17:37:40.750 [main] INFO  o.a.c.c.StandardEngine - [log,173] - Starting Servlet engine: [Apache Tomcat/9.0.24]
17:37:41.016 [main] INFO  o.a.c.c.C.[.[.[/duker] - [log,173] - Initializing Spring embedded WebApplicationContext
17:37:43.022 [main] INFO  c.a.d.s.b.a.DruidDataSourceAutoConfigure - [dataSource,56] - Init DruidDataSource
17:37:44.673 [main] INFO  c.a.d.p.DruidDataSource - [init,930] - {dataSource-1} inited
17:37:48.340 [main] INFO  o.a.c.h.Http11NioProtocol - [log,173] - Starting ProtocolHandler ["http-nio-9026"]
17:37:48.416 [main] INFO  c.d.c.DukerApplication - [logStarted,59] - Started DukerApplication in 15.229 seconds (JVM running for 35.496)
17:41:48.713 [main] INFO  c.a.b.d.c.e.WelcomeLogoApplicationListener - [onApplicationEvent,53] - 

 :: Dubbo Spring Boot (v0.2.0) : https://github.com/apache/incubator-dubbo-spring-boot-project
 :: Dubbo (v2.6.2) : https://github.com/apache/incubator-dubbo
 :: Google group : dev@dubbo.incubator.apache.org

17:41:48.729 [main] INFO  c.a.b.d.c.e.OverrideDubboConfigApplicationListener - [onApplicationEvent,68] - Dubbo Config was overridden by externalized configuration {}
17:41:49.043 [main] INFO  c.d.c.DukerApplication - [logStarting,50] - Starting DukerApplication on SC-201906251903 with PID 27172 (E:\peosonal\duker\target\classes started by Administrator in E:\peosonal\duker)
17:41:49.044 [main] INFO  c.d.c.DukerApplication - [logStartupProfileInfo,648] - No active profile set, falling back to default profiles: default
17:41:53.825 [main] INFO  o.a.c.h.Http11NioProtocol - [log,173] - Initializing ProtocolHandler ["http-nio-9026"]
17:41:53.844 [main] INFO  o.a.c.c.StandardService - [log,173] - Starting service [Tomcat]
17:41:53.845 [main] INFO  o.a.c.c.StandardEngine - [log,173] - Starting Servlet engine: [Apache Tomcat/9.0.24]
17:41:54.103 [main] INFO  o.a.c.c.C.[.[.[/duker] - [log,173] - Initializing Spring embedded WebApplicationContext
17:41:55.906 [main] INFO  c.a.d.s.b.a.DruidDataSourceAutoConfigure - [dataSource,56] - Init DruidDataSource
17:41:58.107 [main] INFO  c.a.d.p.DruidDataSource - [init,930] - {dataSource-1} inited
17:42:02.889 [main] INFO  o.a.c.h.Http11NioProtocol - [log,173] - Starting ProtocolHandler ["http-nio-9026"]
17:42:02.977 [main] INFO  c.d.c.DukerApplication - [logStarted,59] - Started DukerApplication in 15.463 seconds (JVM running for 31.192)
17:46:13.940 [http-nio-9026-exec-1] INFO  o.a.c.c.C.[.[.[/duker] - [log,173] - Initializing Spring DispatcherServlet 'dispatcherServlet'
