16:31:47.019 [main] INFO  c.a.b.d.c.e.WelcomeLogoApplicationListener - [onApplicationEvent,53] - 

 :: Dubbo Spring Boot (v0.2.0) : https://github.com/apache/incubator-dubbo-spring-boot-project
 :: Dubbo (v2.6.2) : https://github.com/apache/incubator-dubbo
 :: Google group : dev@dubbo.incubator.apache.org

16:31:47.066 [main] INFO  c.a.b.d.c.e.OverrideDubboConfigApplicationListener - [onApplicationEvent,68] - Dubbo Config was overridden by externalized configuration {}
16:31:47.586 [main] INFO  c.d.c.DukerApplication - [logStarting,50] - Starting DukerApplication on SC-201906251903 with PID 29572 (E:\peosonal\duker\target\classes started by Administrator in E:\peosonal\duker)
16:31:47.587 [main] INFO  c.d.c.DukerApplication - [logStartupProfileInfo,648] - No active profile set, falling back to default profiles: default
16:32:03.711 [main] INFO  o.a.c.h.Http11NioProtocol - [log,173] - Initializing ProtocolHandler ["http-nio-9026"]
16:32:03.742 [main] INFO  o.a.c.c.StandardService - [log,173] - Starting service [Tomcat]
16:32:03.742 [main] INFO  o.a.c.c.StandardEngine - [log,173] - Starting Servlet engine: [Apache Tomcat/9.0.24]
16:32:03.995 [main] INFO  o.a.c.c.C.[.[.[/duker] - [log,173] - Initializing Spring embedded WebApplicationContext
16:32:12.209 [main] INFO  c.a.d.s.b.a.DruidDataSourceAutoConfigure - [dataSource,56] - Init DruidDataSource
16:32:12.866 [main] INFO  c.a.d.p.DruidDataSource - [init,930] - {dataSource-1} inited
16:32:17.140 [main] INFO  o.a.c.h.Http11NioProtocol - [log,173] - Starting ProtocolHandler ["http-nio-9026"]
16:32:17.230 [main] INFO  c.d.c.DukerApplication - [logStarted,59] - Started DukerApplication in 32.82 seconds (JVM running for 44.568)
16:39:58.463 [main] INFO  c.a.b.d.c.e.WelcomeLogoApplicationListener - [onApplicationEvent,53] - 

 :: Dubbo Spring Boot (v0.2.0) : https://github.com/apache/incubator-dubbo-spring-boot-project
 :: Dubbo (v2.6.2) : https://github.com/apache/incubator-dubbo
 :: Google group : dev@dubbo.incubator.apache.org

16:39:58.477 [main] INFO  c.a.b.d.c.e.OverrideDubboConfigApplicationListener - [onApplicationEvent,68] - Dubbo Config was overridden by externalized configuration {}
16:39:59.423 [main] INFO  c.d.c.DukerApplicationTests - [logStarting,50] - Starting DukerApplicationTests on SC-201906251903 with PID 62788 (started by Administrator in E:\peosonal\duker)
16:39:59.425 [main] INFO  c.d.c.DukerApplicationTests - [logStartupProfileInfo,648] - No active profile set, falling back to default profiles: default
16:40:15.465 [main] INFO  c.a.d.s.b.a.DruidDataSourceAutoConfigure - [dataSource,56] - Init DruidDataSource
16:40:15.942 [main] INFO  c.a.d.p.DruidDataSource - [init,930] - {dataSource-1} inited
16:40:22.415 [main] INFO  c.d.c.DukerApplicationTests - [logStarted,59] - Started DukerApplicationTests in 24.722 seconds (JVM running for 30.245)
16:40:33.417 [Thread-5] INFO  c.a.d.p.DruidDataSource - [close,1825] - {dataSource-1} closed
16:40:33.666 [Thread-5] INFO  c.a.d.c.s.b.f.a.ReferenceAnnotationBeanPostProcessor - [destroy,251] - class com.alibaba.dubbo.config.spring.beans.factory.annotation.ReferenceAnnotationBeanPostProcessor was destroying!
16:42:01.834 [main] INFO  c.a.b.d.c.e.WelcomeLogoApplicationListener - [onApplicationEvent,53] - 

 :: Dubbo Spring Boot (v0.2.0) : https://github.com/apache/incubator-dubbo-spring-boot-project
 :: Dubbo (v2.6.2) : https://github.com/apache/incubator-dubbo
 :: Google group : dev@dubbo.incubator.apache.org

16:42:01.845 [main] INFO  c.a.b.d.c.e.OverrideDubboConfigApplicationListener - [onApplicationEvent,68] - Dubbo Config was overridden by externalized configuration {}
16:42:02.024 [main] INFO  c.d.c.DukerApplicationTests - [logStarting,50] - Starting DukerApplicationTests on SC-201906251903 with PID 105596 (started by Administrator in E:\peosonal\duker)
16:42:02.030 [main] INFO  c.d.c.DukerApplicationTests - [logStartupProfileInfo,648] - No active profile set, falling back to default profiles: default
16:42:08.420 [main] INFO  c.a.d.s.b.a.DruidDataSourceAutoConfigure - [dataSource,56] - Init DruidDataSource
16:42:08.657 [main] INFO  c.a.d.p.DruidDataSource - [init,930] - {dataSource-1} inited
16:42:10.511 [main] INFO  c.d.c.DukerApplicationTests - [logStarted,59] - Started DukerApplicationTests in 9.554 seconds (JVM running for 12.822)
16:42:11.469 [Thread-5] INFO  c.a.d.p.DruidDataSource - [close,1825] - {dataSource-1} closed
16:42:11.501 [Thread-5] INFO  c.a.d.c.s.b.f.a.ReferenceAnnotationBeanPostProcessor - [destroy,251] - class com.alibaba.dubbo.config.spring.beans.factory.annotation.ReferenceAnnotationBeanPostProcessor was destroying!
16:45:23.456 [main] INFO  c.a.b.d.c.e.WelcomeLogoApplicationListener - [onApplicationEvent,53] - 

 :: Dubbo Spring Boot (v0.2.0) : https://github.com/apache/incubator-dubbo-spring-boot-project
 :: Dubbo (v2.6.2) : https://github.com/apache/incubator-dubbo
 :: Google group : dev@dubbo.incubator.apache.org

16:45:23.468 [main] INFO  c.a.b.d.c.e.OverrideDubboConfigApplicationListener - [onApplicationEvent,68] - Dubbo Config was overridden by externalized configuration {}
16:45:23.629 [main] INFO  c.d.c.DukerApplicationTests - [logStarting,50] - Starting DukerApplicationTests on SC-201906251903 with PID 61468 (started by Administrator in E:\peosonal\duker)
16:45:23.631 [main] INFO  c.d.c.DukerApplicationTests - [logStartupProfileInfo,648] - No active profile set, falling back to default profiles: default
16:45:29.565 [main] INFO  c.a.d.s.b.a.DruidDataSourceAutoConfigure - [dataSource,56] - Init DruidDataSource
16:45:29.763 [main] INFO  c.a.d.p.DruidDataSource - [init,930] - {dataSource-1} inited
16:45:31.679 [main] INFO  c.d.c.DukerApplicationTests - [logStarted,59] - Started DukerApplicationTests in 8.91 seconds (JVM running for 12.019)
16:45:33.744 [Thread-5] INFO  c.a.d.p.DruidDataSource - [close,1825] - {dataSource-1} closed
16:45:33.785 [Thread-5] INFO  c.a.d.c.s.b.f.a.ReferenceAnnotationBeanPostProcessor - [destroy,251] - class com.alibaba.dubbo.config.spring.beans.factory.annotation.ReferenceAnnotationBeanPostProcessor was destroying!
16:47:52.451 [main] INFO  c.a.b.d.c.e.WelcomeLogoApplicationListener - [onApplicationEvent,53] - 

 :: Dubbo Spring Boot (v0.2.0) : https://github.com/apache/incubator-dubbo-spring-boot-project
 :: Dubbo (v2.6.2) : https://github.com/apache/incubator-dubbo
 :: Google group : dev@dubbo.incubator.apache.org

16:47:52.519 [main] INFO  c.a.b.d.c.e.OverrideDubboConfigApplicationListener - [onApplicationEvent,68] - Dubbo Config was overridden by externalized configuration {}
16:47:52.792 [main] INFO  c.d.c.DukerApplicationTests - [logStarting,50] - Starting DukerApplicationTests on SC-201906251903 with PID 52832 (started by Administrator in E:\peosonal\duker)
16:47:52.794 [main] INFO  c.d.c.DukerApplicationTests - [logStartupProfileInfo,648] - No active profile set, falling back to default profiles: default
16:47:59.894 [main] INFO  c.a.d.s.b.a.DruidDataSourceAutoConfigure - [dataSource,56] - Init DruidDataSource
16:48:00.188 [main] INFO  c.a.d.p.DruidDataSource - [init,930] - {dataSource-1} inited
16:48:02.155 [main] INFO  c.d.c.DukerApplicationTests - [logStarted,59] - Started DukerApplicationTests in 10.637 seconds (JVM running for 13.492)
16:48:03.505 [Thread-5] INFO  c.a.d.p.DruidDataSource - [close,1825] - {dataSource-1} closed
16:48:03.550 [Thread-5] INFO  c.a.d.c.s.b.f.a.ReferenceAnnotationBeanPostProcessor - [destroy,251] - class com.alibaba.dubbo.config.spring.beans.factory.annotation.ReferenceAnnotationBeanPostProcessor was destroying!
16:49:33.565 [main] INFO  c.a.b.d.c.e.WelcomeLogoApplicationListener - [onApplicationEvent,53] - 

 :: Dubbo Spring Boot (v0.2.0) : https://github.com/apache/incubator-dubbo-spring-boot-project
 :: Dubbo (v2.6.2) : https://github.com/apache/incubator-dubbo
 :: Google group : dev@dubbo.incubator.apache.org

16:49:33.577 [main] INFO  c.a.b.d.c.e.OverrideDubboConfigApplicationListener - [onApplicationEvent,68] - Dubbo Config was overridden by externalized configuration {}
16:49:33.795 [main] INFO  c.d.c.DukerApplicationTests - [logStarting,50] - Starting DukerApplicationTests on SC-201906251903 with PID 4000 (started by Administrator in E:\peosonal\duker)
16:49:33.796 [main] INFO  c.d.c.DukerApplicationTests - [logStartupProfileInfo,648] - No active profile set, falling back to default profiles: default
16:49:40.496 [main] INFO  c.a.d.s.b.a.DruidDataSourceAutoConfigure - [dataSource,56] - Init DruidDataSource
16:49:40.647 [main] INFO  c.a.d.p.DruidDataSource - [init,930] - {dataSource-1} inited
16:49:42.532 [main] INFO  c.d.c.DukerApplicationTests - [logStarted,59] - Started DukerApplicationTests in 9.78 seconds (JVM running for 12.702)
16:49:43.804 [Thread-5] INFO  c.a.d.p.DruidDataSource - [close,1825] - {dataSource-1} closed
16:49:43.842 [Thread-5] INFO  c.a.d.c.s.b.f.a.ReferenceAnnotationBeanPostProcessor - [destroy,251] - class com.alibaba.dubbo.config.spring.beans.factory.annotation.ReferenceAnnotationBeanPostProcessor was destroying!
16:54:34.607 [main] INFO  c.a.b.d.c.e.WelcomeLogoApplicationListener - [onApplicationEvent,53] - 

 :: Dubbo Spring Boot (v0.2.0) : https://github.com/apache/incubator-dubbo-spring-boot-project
 :: Dubbo (v2.6.2) : https://github.com/apache/incubator-dubbo
 :: Google group : dev@dubbo.incubator.apache.org

16:54:34.622 [main] INFO  c.a.b.d.c.e.OverrideDubboConfigApplicationListener - [onApplicationEvent,68] - Dubbo Config was overridden by externalized configuration {}
16:54:34.859 [main] INFO  c.d.c.DukerApplicationTests - [logStarting,50] - Starting DukerApplicationTests on SC-201906251903 with PID 101128 (started by Administrator in E:\peosonal\duker)
16:54:34.860 [main] INFO  c.d.c.DukerApplicationTests - [logStartupProfileInfo,648] - No active profile set, falling back to default profiles: default
16:54:41.070 [main] INFO  c.a.d.s.b.a.DruidDataSourceAutoConfigure - [dataSource,56] - Init DruidDataSource
16:54:41.241 [main] INFO  c.a.d.p.DruidDataSource - [init,930] - {dataSource-1} inited
16:54:43.085 [main] INFO  c.d.c.DukerApplicationTests - [logStarted,59] - Started DukerApplicationTests in 9.724 seconds (JVM running for 12.768)
16:54:44.136 [Thread-5] INFO  c.a.d.p.DruidDataSource - [close,1825] - {dataSource-1} closed
16:54:44.215 [Thread-5] INFO  c.a.d.c.s.b.f.a.ReferenceAnnotationBeanPostProcessor - [destroy,251] - class com.alibaba.dubbo.config.spring.beans.factory.annotation.ReferenceAnnotationBeanPostProcessor was destroying!
16:54:57.950 [main] INFO  c.a.b.d.c.e.WelcomeLogoApplicationListener - [onApplicationEvent,53] - 

 :: Dubbo Spring Boot (v0.2.0) : https://github.com/apache/incubator-dubbo-spring-boot-project
 :: Dubbo (v2.6.2) : https://github.com/apache/incubator-dubbo
 :: Google group : dev@dubbo.incubator.apache.org

16:54:57.994 [main] INFO  c.a.b.d.c.e.OverrideDubboConfigApplicationListener - [onApplicationEvent,68] - Dubbo Config was overridden by externalized configuration {}
16:54:58.197 [main] INFO  c.d.c.DukerApplicationTests - [logStarting,50] - Starting DukerApplicationTests on SC-201906251903 with PID 59128 (started by Administrator in E:\peosonal\duker)
16:54:58.198 [main] INFO  c.d.c.DukerApplicationTests - [logStartupProfileInfo,648] - No active profile set, falling back to default profiles: default
16:55:04.320 [main] INFO  c.a.d.s.b.a.DruidDataSourceAutoConfigure - [dataSource,56] - Init DruidDataSource
16:55:04.482 [main] INFO  c.a.d.p.DruidDataSource - [init,930] - {dataSource-1} inited
16:55:06.551 [main] INFO  c.d.c.DukerApplicationTests - [logStarted,59] - Started DukerApplicationTests in 9.395 seconds (JVM running for 12.44)
16:55:07.838 [Thread-5] INFO  c.a.d.p.DruidDataSource - [close,1825] - {dataSource-1} closed
16:55:07.874 [Thread-5] INFO  c.a.d.c.s.b.f.a.ReferenceAnnotationBeanPostProcessor - [destroy,251] - class com.alibaba.dubbo.config.spring.beans.factory.annotation.ReferenceAnnotationBeanPostProcessor was destroying!
16:56:32.263 [main] INFO  c.a.b.d.c.e.WelcomeLogoApplicationListener - [onApplicationEvent,53] - 

 :: Dubbo Spring Boot (v0.2.0) : https://github.com/apache/incubator-dubbo-spring-boot-project
 :: Dubbo (v2.6.2) : https://github.com/apache/incubator-dubbo
 :: Google group : dev@dubbo.incubator.apache.org

16:56:32.288 [main] INFO  c.a.b.d.c.e.OverrideDubboConfigApplicationListener - [onApplicationEvent,68] - Dubbo Config was overridden by externalized configuration {}
16:56:32.579 [main] INFO  c.d.c.DukerApplicationTests - [logStarting,50] - Starting DukerApplicationTests on SC-201906251903 with PID 77668 (started by Administrator in E:\peosonal\duker)
16:56:32.580 [main] INFO  c.d.c.DukerApplicationTests - [logStartupProfileInfo,648] - No active profile set, falling back to default profiles: default
16:56:39.017 [main] INFO  c.a.d.s.b.a.DruidDataSourceAutoConfigure - [dataSource,56] - Init DruidDataSource
16:56:39.173 [main] INFO  c.a.d.p.DruidDataSource - [init,930] - {dataSource-1} inited
16:56:41.161 [main] INFO  c.d.c.DukerApplicationTests - [logStarted,59] - Started DukerApplicationTests in 9.864 seconds (JVM running for 12.732)
16:56:42.240 [Thread-5] INFO  c.a.d.p.DruidDataSource - [close,1825] - {dataSource-1} closed
16:56:42.304 [Thread-5] INFO  c.a.d.c.s.b.f.a.ReferenceAnnotationBeanPostProcessor - [destroy,251] - class com.alibaba.dubbo.config.spring.beans.factory.annotation.ReferenceAnnotationBeanPostProcessor was destroying!
16:58:09.329 [main] INFO  c.a.b.d.c.e.WelcomeLogoApplicationListener - [onApplicationEvent,53] - 

 :: Dubbo Spring Boot (v0.2.0) : https://github.com/apache/incubator-dubbo-spring-boot-project
 :: Dubbo (v2.6.2) : https://github.com/apache/incubator-dubbo
 :: Google group : dev@dubbo.incubator.apache.org

16:58:09.566 [main] INFO  c.a.b.d.c.e.OverrideDubboConfigApplicationListener - [onApplicationEvent,68] - Dubbo Config was overridden by externalized configuration {}
16:58:09.802 [main] INFO  c.d.c.DukerApplicationTests - [logStarting,50] - Starting DukerApplicationTests on SC-201906251903 with PID 51476 (started by Administrator in E:\peosonal\duker)
16:58:09.803 [main] INFO  c.d.c.DukerApplicationTests - [logStartupProfileInfo,648] - No active profile set, falling back to default profiles: default
16:58:16.130 [main] INFO  c.a.d.s.b.a.DruidDataSourceAutoConfigure - [dataSource,56] - Init DruidDataSource
16:58:16.307 [main] INFO  c.a.d.p.DruidDataSource - [init,930] - {dataSource-1} inited
16:58:18.084 [main] INFO  c.d.c.DukerApplicationTests - [logStarted,59] - Started DukerApplicationTests in 9.807 seconds (JVM running for 12.82)
16:58:19.610 [Thread-5] INFO  c.a.d.p.DruidDataSource - [close,1825] - {dataSource-1} closed
16:58:19.656 [Thread-5] INFO  c.a.d.c.s.b.f.a.ReferenceAnnotationBeanPostProcessor - [destroy,251] - class com.alibaba.dubbo.config.spring.beans.factory.annotation.ReferenceAnnotationBeanPostProcessor was destroying!
17:03:08.890 [main] INFO  c.a.b.d.c.e.WelcomeLogoApplicationListener - [onApplicationEvent,53] - 

 :: Dubbo Spring Boot (v0.2.0) : https://github.com/apache/incubator-dubbo-spring-boot-project
 :: Dubbo (v2.6.2) : https://github.com/apache/incubator-dubbo
 :: Google group : dev@dubbo.incubator.apache.org

17:03:08.904 [main] INFO  c.a.b.d.c.e.OverrideDubboConfigApplicationListener - [onApplicationEvent,68] - Dubbo Config was overridden by externalized configuration {}
17:03:09.096 [main] INFO  c.d.c.DukerApplicationTests - [logStarting,50] - Starting DukerApplicationTests on SC-201906251903 with PID 55824 (started by Administrator in E:\peosonal\duker)
17:03:09.097 [main] INFO  c.d.c.DukerApplicationTests - [logStartupProfileInfo,648] - No active profile set, falling back to default profiles: default
17:03:15.236 [main] INFO  c.a.d.s.b.a.DruidDataSourceAutoConfigure - [dataSource,56] - Init DruidDataSource
17:03:15.403 [main] INFO  c.a.d.p.DruidDataSource - [init,930] - {dataSource-1} inited
17:03:17.053 [main] INFO  c.d.c.DukerApplicationTests - [logStarted,59] - Started DukerApplicationTests in 8.919 seconds (JVM running for 11.916)
17:03:18.125 [Thread-5] INFO  c.a.d.p.DruidDataSource - [close,1825] - {dataSource-1} closed
17:03:18.168 [Thread-5] INFO  c.a.d.c.s.b.f.a.ReferenceAnnotationBeanPostProcessor - [destroy,251] - class com.alibaba.dubbo.config.spring.beans.factory.annotation.ReferenceAnnotationBeanPostProcessor was destroying!
17:04:32.140 [main] INFO  c.a.b.d.c.e.WelcomeLogoApplicationListener - [onApplicationEvent,53] - 

 :: Dubbo Spring Boot (v0.2.0) : https://github.com/apache/incubator-dubbo-spring-boot-project
 :: Dubbo (v2.6.2) : https://github.com/apache/incubator-dubbo
 :: Google group : dev@dubbo.incubator.apache.org

17:04:32.154 [main] INFO  c.a.b.d.c.e.OverrideDubboConfigApplicationListener - [onApplicationEvent,68] - Dubbo Config was overridden by externalized configuration {}
17:04:32.438 [main] INFO  c.d.c.DukerApplicationTests - [logStarting,50] - Starting DukerApplicationTests on SC-201906251903 with PID 66168 (started by Administrator in E:\peosonal\duker)
17:04:32.440 [main] INFO  c.d.c.DukerApplicationTests - [logStartupProfileInfo,648] - No active profile set, falling back to default profiles: default
17:04:38.589 [main] INFO  c.a.d.s.b.a.DruidDataSourceAutoConfigure - [dataSource,56] - Init DruidDataSource
17:04:38.748 [main] INFO  c.a.d.p.DruidDataSource - [init,930] - {dataSource-1} inited
17:04:40.489 [main] INFO  c.d.c.DukerApplicationTests - [logStarted,59] - Started DukerApplicationTests in 9.441 seconds (JVM running for 12.283)
17:04:42.349 [Thread-5] INFO  c.a.d.p.DruidDataSource - [close,1825] - {dataSource-1} closed
17:04:42.381 [Thread-5] INFO  c.a.d.c.s.b.f.a.ReferenceAnnotationBeanPostProcessor - [destroy,251] - class com.alibaba.dubbo.config.spring.beans.factory.annotation.ReferenceAnnotationBeanPostProcessor was destroying!
17:07:35.052 [main] INFO  c.a.b.d.c.e.WelcomeLogoApplicationListener - [onApplicationEvent,53] - 

 :: Dubbo Spring Boot (v0.2.0) : https://github.com/apache/incubator-dubbo-spring-boot-project
 :: Dubbo (v2.6.2) : https://github.com/apache/incubator-dubbo
 :: Google group : dev@dubbo.incubator.apache.org

17:07:35.149 [main] INFO  c.a.b.d.c.e.OverrideDubboConfigApplicationListener - [onApplicationEvent,68] - Dubbo Config was overridden by externalized configuration {}
17:07:35.443 [main] INFO  c.d.c.DukerApplicationTests - [logStarting,50] - Starting DukerApplicationTests on SC-201906251903 with PID 93568 (started by Administrator in E:\peosonal\duker)
17:07:35.444 [main] INFO  c.d.c.DukerApplicationTests - [logStartupProfileInfo,648] - No active profile set, falling back to default profiles: default
17:07:42.010 [main] INFO  c.a.d.s.b.a.DruidDataSourceAutoConfigure - [dataSource,56] - Init DruidDataSource
17:07:42.210 [main] INFO  c.a.d.p.DruidDataSource - [init,930] - {dataSource-1} inited
17:07:43.884 [main] INFO  c.d.c.DukerApplicationTests - [logStarted,59] - Started DukerApplicationTests in 9.605 seconds (JVM running for 12.693)
17:07:44.669 [Thread-5] INFO  c.a.d.p.DruidDataSource - [close,1825] - {dataSource-1} closed
17:07:44.697 [Thread-5] INFO  c.a.d.c.s.b.f.a.ReferenceAnnotationBeanPostProcessor - [destroy,251] - class com.alibaba.dubbo.config.spring.beans.factory.annotation.ReferenceAnnotationBeanPostProcessor was destroying!
17:08:38.291 [main] INFO  c.a.b.d.c.e.WelcomeLogoApplicationListener - [onApplicationEvent,53] - 

 :: Dubbo Spring Boot (v0.2.0) : https://github.com/apache/incubator-dubbo-spring-boot-project
 :: Dubbo (v2.6.2) : https://github.com/apache/incubator-dubbo
 :: Google group : dev@dubbo.incubator.apache.org

17:08:38.311 [main] INFO  c.a.b.d.c.e.OverrideDubboConfigApplicationListener - [onApplicationEvent,68] - Dubbo Config was overridden by externalized configuration {}
17:08:38.497 [main] INFO  c.d.c.DukerApplicationTests - [logStarting,50] - Starting DukerApplicationTests on SC-201906251903 with PID 112056 (started by Administrator in E:\peosonal\duker)
17:08:38.498 [main] INFO  c.d.c.DukerApplicationTests - [logStartupProfileInfo,648] - No active profile set, falling back to default profiles: default
17:08:45.683 [main] INFO  c.a.d.s.b.a.DruidDataSourceAutoConfigure - [dataSource,56] - Init DruidDataSource
17:08:45.888 [main] INFO  c.a.d.p.DruidDataSource - [init,930] - {dataSource-1} inited
17:08:47.691 [main] INFO  c.d.c.DukerApplicationTests - [logStarted,59] - Started DukerApplicationTests in 10.149 seconds (JVM running for 13.272)
17:08:49.099 [Thread-5] INFO  c.a.d.p.DruidDataSource - [close,1825] - {dataSource-1} closed
17:08:49.154 [Thread-5] INFO  c.a.d.c.s.b.f.a.ReferenceAnnotationBeanPostProcessor - [destroy,251] - class com.alibaba.dubbo.config.spring.beans.factory.annotation.ReferenceAnnotationBeanPostProcessor was destroying!
17:10:19.971 [main] INFO  c.a.b.d.c.e.WelcomeLogoApplicationListener - [onApplicationEvent,53] - 

 :: Dubbo Spring Boot (v0.2.0) : https://github.com/apache/incubator-dubbo-spring-boot-project
 :: Dubbo (v2.6.2) : https://github.com/apache/incubator-dubbo
 :: Google group : dev@dubbo.incubator.apache.org

17:10:19.987 [main] INFO  c.a.b.d.c.e.OverrideDubboConfigApplicationListener - [onApplicationEvent,68] - Dubbo Config was overridden by externalized configuration {}
17:10:20.306 [main] INFO  c.d.c.DukerApplicationTests - [logStarting,50] - Starting DukerApplicationTests on SC-201906251903 with PID 107908 (started by Administrator in E:\peosonal\duker)
17:10:20.307 [main] INFO  c.d.c.DukerApplicationTests - [logStartupProfileInfo,648] - No active profile set, falling back to default profiles: default
17:10:26.624 [main] INFO  c.a.d.s.b.a.DruidDataSourceAutoConfigure - [dataSource,56] - Init DruidDataSource
17:10:26.840 [main] INFO  c.a.d.p.DruidDataSource - [init,930] - {dataSource-1} inited
17:10:28.503 [main] INFO  c.d.c.DukerApplicationTests - [logStarted,59] - Started DukerApplicationTests in 9.927 seconds (JVM running for 12.985)
17:10:29.620 [Thread-5] INFO  c.a.d.p.DruidDataSource - [close,1825] - {dataSource-1} closed
17:10:29.666 [Thread-5] INFO  c.a.d.c.s.b.f.a.ReferenceAnnotationBeanPostProcessor - [destroy,251] - class com.alibaba.dubbo.config.spring.beans.factory.annotation.ReferenceAnnotationBeanPostProcessor was destroying!
17:12:58.954 [main] INFO  c.a.b.d.c.e.WelcomeLogoApplicationListener - [onApplicationEvent,53] - 

 :: Dubbo Spring Boot (v0.2.0) : https://github.com/apache/incubator-dubbo-spring-boot-project
 :: Dubbo (v2.6.2) : https://github.com/apache/incubator-dubbo
 :: Google group : dev@dubbo.incubator.apache.org

17:12:58.980 [main] INFO  c.a.b.d.c.e.OverrideDubboConfigApplicationListener - [onApplicationEvent,68] - Dubbo Config was overridden by externalized configuration {}
17:12:59.173 [main] INFO  c.d.c.DukerApplicationTests - [logStarting,50] - Starting DukerApplicationTests on SC-201906251903 with PID 103088 (started by Administrator in E:\peosonal\duker)
17:12:59.175 [main] INFO  c.d.c.DukerApplicationTests - [logStartupProfileInfo,648] - No active profile set, falling back to default profiles: default
17:13:05.214 [main] INFO  c.a.d.s.b.a.DruidDataSourceAutoConfigure - [dataSource,56] - Init DruidDataSource
17:13:05.375 [main] INFO  c.a.d.p.DruidDataSource - [init,930] - {dataSource-1} inited
17:13:07.054 [main] INFO  c.d.c.DukerApplicationTests - [logStarted,59] - Started DukerApplicationTests in 8.813 seconds (JVM running for 11.829)
17:13:08.260 [Thread-5] INFO  c.a.d.p.DruidDataSource - [close,1825] - {dataSource-1} closed
17:13:08.305 [Thread-5] INFO  c.a.d.c.s.b.f.a.ReferenceAnnotationBeanPostProcessor - [destroy,251] - class com.alibaba.dubbo.config.spring.beans.factory.annotation.ReferenceAnnotationBeanPostProcessor was destroying!
17:13:58.573 [main] INFO  c.a.b.d.c.e.WelcomeLogoApplicationListener - [onApplicationEvent,53] - 

 :: Dubbo Spring Boot (v0.2.0) : https://github.com/apache/incubator-dubbo-spring-boot-project
 :: Dubbo (v2.6.2) : https://github.com/apache/incubator-dubbo
 :: Google group : dev@dubbo.incubator.apache.org

17:13:58.593 [main] INFO  c.a.b.d.c.e.OverrideDubboConfigApplicationListener - [onApplicationEvent,68] - Dubbo Config was overridden by externalized configuration {}
17:13:58.843 [main] INFO  c.d.c.DukerApplicationTests - [logStarting,50] - Starting DukerApplicationTests on SC-201906251903 with PID 46656 (started by Administrator in E:\peosonal\duker)
17:13:58.844 [main] INFO  c.d.c.DukerApplicationTests - [logStartupProfileInfo,648] - No active profile set, falling back to default profiles: default
17:14:05.000 [main] INFO  c.a.d.s.b.a.DruidDataSourceAutoConfigure - [dataSource,56] - Init DruidDataSource
17:14:05.170 [main] INFO  c.a.d.p.DruidDataSource - [init,930] - {dataSource-1} inited
17:14:07.030 [main] INFO  c.d.c.DukerApplicationTests - [logStarted,59] - Started DukerApplicationTests in 9.408 seconds (JVM running for 12.128)
17:15:16.384 [Thread-5] INFO  c.a.d.p.DruidDataSource - [close,1825] - {dataSource-1} closed
17:15:16.454 [Thread-5] INFO  c.a.d.c.s.b.f.a.ReferenceAnnotationBeanPostProcessor - [destroy,251] - class com.alibaba.dubbo.config.spring.beans.factory.annotation.ReferenceAnnotationBeanPostProcessor was destroying!
17:16:28.445 [main] INFO  c.a.b.d.c.e.WelcomeLogoApplicationListener - [onApplicationEvent,53] - 

 :: Dubbo Spring Boot (v0.2.0) : https://github.com/apache/incubator-dubbo-spring-boot-project
 :: Dubbo (v2.6.2) : https://github.com/apache/incubator-dubbo
 :: Google group : dev@dubbo.incubator.apache.org

17:16:28.461 [main] INFO  c.a.b.d.c.e.OverrideDubboConfigApplicationListener - [onApplicationEvent,68] - Dubbo Config was overridden by externalized configuration {}
17:16:28.724 [main] INFO  c.d.c.DukerApplicationTests - [logStarting,50] - Starting DukerApplicationTests on SC-201906251903 with PID 112868 (started by Administrator in E:\peosonal\duker)
17:16:28.726 [main] INFO  c.d.c.DukerApplicationTests - [logStartupProfileInfo,648] - No active profile set, falling back to default profiles: default
17:16:40.689 [main] INFO  c.a.d.s.b.a.DruidDataSourceAutoConfigure - [dataSource,56] - Init DruidDataSource
17:16:40.967 [main] INFO  c.a.d.p.DruidDataSource - [init,930] - {dataSource-1} inited
17:16:44.806 [main] INFO  c.d.c.DukerApplicationTests - [logStarted,59] - Started DukerApplicationTests in 17.732 seconds (JVM running for 21.004)
17:17:21.082 [Thread-5] INFO  c.a.d.p.DruidDataSource - [close,1825] - {dataSource-1} closed
17:17:21.115 [Thread-5] INFO  c.a.d.c.s.b.f.a.ReferenceAnnotationBeanPostProcessor - [destroy,251] - class com.alibaba.dubbo.config.spring.beans.factory.annotation.ReferenceAnnotationBeanPostProcessor was destroying!
17:22:18.387 [main] INFO  c.a.b.d.c.e.WelcomeLogoApplicationListener - [onApplicationEvent,53] - 

 :: Dubbo Spring Boot (v0.2.0) : https://github.com/apache/incubator-dubbo-spring-boot-project
 :: Dubbo (v2.6.2) : https://github.com/apache/incubator-dubbo
 :: Google group : dev@dubbo.incubator.apache.org

17:22:18.407 [main] INFO  c.a.b.d.c.e.OverrideDubboConfigApplicationListener - [onApplicationEvent,68] - Dubbo Config was overridden by externalized configuration {}
17:22:18.830 [main] INFO  c.d.c.DukerApplicationTests - [logStarting,50] - Starting DukerApplicationTests on SC-201906251903 with PID 17632 (started by Administrator in E:\peosonal\duker)
17:22:18.831 [main] INFO  c.d.c.DukerApplicationTests - [logStartupProfileInfo,648] - No active profile set, falling back to default profiles: default
17:22:27.335 [main] INFO  c.a.d.s.b.a.DruidDataSourceAutoConfigure - [dataSource,56] - Init DruidDataSource
17:22:27.502 [main] INFO  c.a.d.p.DruidDataSource - [init,930] - {dataSource-1} inited
17:22:29.374 [main] INFO  c.d.c.DukerApplicationTests - [logStarted,59] - Started DukerApplicationTests in 12.171 seconds (JVM running for 15.127)
17:22:49.720 [Thread-5] INFO  c.a.d.p.DruidDataSource - [close,1825] - {dataSource-1} closed
17:22:49.769 [Thread-5] INFO  c.a.d.c.s.b.f.a.ReferenceAnnotationBeanPostProcessor - [destroy,251] - class com.alibaba.dubbo.config.spring.beans.factory.annotation.ReferenceAnnotationBeanPostProcessor was destroying!
17:26:18.378 [main] INFO  c.a.b.d.c.e.WelcomeLogoApplicationListener - [onApplicationEvent,53] - 

 :: Dubbo Spring Boot (v0.2.0) : https://github.com/apache/incubator-dubbo-spring-boot-project
 :: Dubbo (v2.6.2) : https://github.com/apache/incubator-dubbo
 :: Google group : dev@dubbo.incubator.apache.org

17:26:18.411 [main] INFO  c.a.b.d.c.e.OverrideDubboConfigApplicationListener - [onApplicationEvent,68] - Dubbo Config was overridden by externalized configuration {}
17:26:18.695 [main] INFO  c.d.c.DukerApplicationTests - [logStarting,50] - Starting DukerApplicationTests on SC-201906251903 with PID 109056 (started by Administrator in E:\peosonal\duker)
17:26:18.697 [main] INFO  c.d.c.DukerApplicationTests - [logStartupProfileInfo,648] - No active profile set, falling back to default profiles: default
17:26:28.403 [main] INFO  c.a.d.s.b.a.DruidDataSourceAutoConfigure - [dataSource,56] - Init DruidDataSource
17:26:28.650 [main] INFO  c.a.d.p.DruidDataSource - [init,930] - {dataSource-1} inited
17:26:31.682 [main] INFO  c.d.c.DukerApplicationTests - [logStarted,59] - Started DukerApplicationTests in 14.263 seconds (JVM running for 18.053)
17:26:33.157 [Thread-5] INFO  c.a.d.p.DruidDataSource - [close,1825] - {dataSource-1} closed
17:26:33.221 [Thread-5] INFO  c.a.d.c.s.b.f.a.ReferenceAnnotationBeanPostProcessor - [destroy,251] - class com.alibaba.dubbo.config.spring.beans.factory.annotation.ReferenceAnnotationBeanPostProcessor was destroying!
17:32:19.569 [main] INFO  c.a.b.d.c.e.WelcomeLogoApplicationListener - [onApplicationEvent,53] - 

 :: Dubbo Spring Boot (v0.2.0) : https://github.com/apache/incubator-dubbo-spring-boot-project
 :: Dubbo (v2.6.2) : https://github.com/apache/incubator-dubbo
 :: Google group : dev@dubbo.incubator.apache.org

17:32:19.581 [main] INFO  c.a.b.d.c.e.OverrideDubboConfigApplicationListener - [onApplicationEvent,68] - Dubbo Config was overridden by externalized configuration {}
17:32:19.823 [main] INFO  c.d.c.DukerApplicationTests - [logStarting,50] - Starting DukerApplicationTests on SC-201906251903 with PID 26324 (started by Administrator in E:\peosonal\duker)
17:32:19.824 [main] INFO  c.d.c.DukerApplicationTests - [logStartupProfileInfo,648] - No active profile set, falling back to default profiles: default
17:32:26.024 [main] INFO  c.a.d.s.b.a.DruidDataSourceAutoConfigure - [dataSource,56] - Init DruidDataSource
17:32:26.251 [main] INFO  c.a.d.p.DruidDataSource - [init,930] - {dataSource-1} inited
17:32:28.095 [main] INFO  c.d.c.DukerApplicationTests - [logStarted,59] - Started DukerApplicationTests in 9.716 seconds (JVM running for 12.777)
17:32:29.323 [Thread-5] INFO  c.a.d.p.DruidDataSource - [close,1825] - {dataSource-1} closed
17:32:29.360 [Thread-5] INFO  c.a.d.c.s.b.f.a.ReferenceAnnotationBeanPostProcessor - [destroy,251] - class com.alibaba.dubbo.config.spring.beans.factory.annotation.ReferenceAnnotationBeanPostProcessor was destroying!
17:33:37.582 [main] INFO  c.a.b.d.c.e.WelcomeLogoApplicationListener - [onApplicationEvent,53] - 

 :: Dubbo Spring Boot (v0.2.0) : https://github.com/apache/incubator-dubbo-spring-boot-project
 :: Dubbo (v2.6.2) : https://github.com/apache/incubator-dubbo
 :: Google group : dev@dubbo.incubator.apache.org

17:33:37.631 [main] INFO  c.a.b.d.c.e.OverrideDubboConfigApplicationListener - [onApplicationEvent,68] - Dubbo Config was overridden by externalized configuration {}
17:33:37.874 [main] INFO  c.d.c.DukerApplicationTests - [logStarting,50] - Starting DukerApplicationTests on SC-201906251903 with PID 113860 (started by Administrator in E:\peosonal\duker)
17:33:37.875 [main] INFO  c.d.c.DukerApplicationTests - [logStartupProfileInfo,648] - No active profile set, falling back to default profiles: default
17:33:44.314 [main] INFO  c.a.d.s.b.a.DruidDataSourceAutoConfigure - [dataSource,56] - Init DruidDataSource
17:33:44.476 [main] INFO  c.a.d.p.DruidDataSource - [init,930] - {dataSource-1} inited
17:33:46.297 [main] INFO  c.d.c.DukerApplicationTests - [logStarted,59] - Started DukerApplicationTests in 10.01 seconds (JVM running for 13.052)
17:33:47.789 [Thread-5] INFO  c.a.d.p.DruidDataSource - [close,1825] - {dataSource-1} closed
17:33:47.837 [Thread-5] INFO  c.a.d.c.s.b.f.a.ReferenceAnnotationBeanPostProcessor - [destroy,251] - class com.alibaba.dubbo.config.spring.beans.factory.annotation.ReferenceAnnotationBeanPostProcessor was destroying!
17:34:25.298 [main] INFO  c.a.b.d.c.e.WelcomeLogoApplicationListener - [onApplicationEvent,53] - 

 :: Dubbo Spring Boot (v0.2.0) : https://github.com/apache/incubator-dubbo-spring-boot-project
 :: Dubbo (v2.6.2) : https://github.com/apache/incubator-dubbo
 :: Google group : dev@dubbo.incubator.apache.org

17:34:25.328 [main] INFO  c.a.b.d.c.e.OverrideDubboConfigApplicationListener - [onApplicationEvent,68] - Dubbo Config was overridden by externalized configuration {}
17:34:25.715 [main] INFO  c.d.c.DukerApplicationTests - [logStarting,50] - Starting DukerApplicationTests on SC-201906251903 with PID 77580 (started by Administrator in E:\peosonal\duker)
17:34:25.717 [main] INFO  c.d.c.DukerApplicationTests - [logStartupProfileInfo,648] - No active profile set, falling back to default profiles: default
17:34:38.221 [main] INFO  c.a.d.s.b.a.DruidDataSourceAutoConfigure - [dataSource,56] - Init DruidDataSource
17:34:39.006 [main] INFO  c.a.d.p.DruidDataSource - [init,930] - {dataSource-1} inited
17:34:42.781 [main] INFO  c.d.c.DukerApplicationTests - [logStarted,59] - Started DukerApplicationTests in 18.939 seconds (JVM running for 23.89)
17:34:45.984 [Thread-5] INFO  c.a.d.p.DruidDataSource - [close,1825] - {dataSource-1} closed
17:34:46.058 [Thread-5] INFO  c.a.d.c.s.b.f.a.ReferenceAnnotationBeanPostProcessor - [destroy,251] - class com.alibaba.dubbo.config.spring.beans.factory.annotation.ReferenceAnnotationBeanPostProcessor was destroying!
17:35:16.007 [main] INFO  c.a.b.d.c.e.WelcomeLogoApplicationListener - [onApplicationEvent,53] - 

 :: Dubbo Spring Boot (v0.2.0) : https://github.com/apache/incubator-dubbo-spring-boot-project
 :: Dubbo (v2.6.2) : https://github.com/apache/incubator-dubbo
 :: Google group : dev@dubbo.incubator.apache.org

17:35:16.032 [main] INFO  c.a.b.d.c.e.OverrideDubboConfigApplicationListener - [onApplicationEvent,68] - Dubbo Config was overridden by externalized configuration {}
17:35:16.194 [main] INFO  c.d.c.DukerApplicationTests - [logStarting,50] - Starting DukerApplicationTests on SC-201906251903 with PID 25280 (started by Administrator in E:\peosonal\duker)
17:35:16.198 [main] INFO  c.d.c.DukerApplicationTests - [logStartupProfileInfo,648] - No active profile set, falling back to default profiles: default
17:35:22.317 [main] INFO  c.a.d.s.b.a.DruidDataSourceAutoConfigure - [dataSource,56] - Init DruidDataSource
17:35:22.501 [main] INFO  c.a.d.p.DruidDataSource - [init,930] - {dataSource-1} inited
17:35:24.340 [main] INFO  c.d.c.DukerApplicationTests - [logStarted,59] - Started DukerApplicationTests in 9.1 seconds (JVM running for 12.014)
17:35:26.182 [Thread-5] INFO  c.a.d.p.DruidDataSource - [close,1825] - {dataSource-1} closed
17:35:26.316 [Thread-5] INFO  c.a.d.c.s.b.f.a.ReferenceAnnotationBeanPostProcessor - [destroy,251] - class com.alibaba.dubbo.config.spring.beans.factory.annotation.ReferenceAnnotationBeanPostProcessor was destroying!
