16:47:59.762 [main] INFO  c.a.b.d.c.e.WelcomeLogoApplicationListener - [onApplicationEvent,53] - 

 :: Dubbo Spring Boot (v0.2.0) : https://github.com/apache/incubator-dubbo-spring-boot-project
 :: Dubbo (v2.6.2) : https://github.com/apache/incubator-dubbo
 :: Google group : dev@dubbo.incubator.apache.org

16:47:59.869 [main] INFO  c.a.b.d.c.e.OverrideDubboConfigApplicationListener - [onApplicationEvent,68] - Dubbo Config was overridden by externalized configuration {}
16:48:01.239 [main] INFO  c.d.c.DukerApplicationTests - [logStarting,50] - Starting DukerApplicationTests on SC-201906251903 with PID 19404 (started by Administrator in E:\peosonal\duker)
16:48:01.240 [main] INFO  c.d.c.DukerApplicationTests - [logStartupProfileInfo,648] - No active profile set, falling back to default profiles: default
16:48:19.496 [main] INFO  c.a.d.s.b.a.DruidDataSourceAutoConfigure - [dataSource,56] - Init DruidDataSource
16:48:19.778 [main] INFO  c.a.d.p.DruidDataSource - [init,930] - {dataSource-1} inited
16:48:23.184 [main] INFO  c.d.c.DukerApplicationTests - [logStarted,59] - Started DukerApplicationTests in 25.6 seconds (JVM running for 52.218)
16:48:26.964 [Thread-20] INFO  c.a.d.p.DruidDataSource - [close,1825] - {dataSource-1} closed
16:48:27.208 [Thread-20] INFO  c.a.d.c.s.b.f.a.ReferenceAnnotationBeanPostProcessor - [destroy,251] - class com.alibaba.dubbo.config.spring.beans.factory.annotation.ReferenceAnnotationBeanPostProcessor was destroying!
16:53:05.391 [main] INFO  c.a.b.d.c.e.WelcomeLogoApplicationListener - [onApplicationEvent,53] - 

 :: Dubbo Spring Boot (v0.2.0) : https://github.com/apache/incubator-dubbo-spring-boot-project
 :: Dubbo (v2.6.2) : https://github.com/apache/incubator-dubbo
 :: Google group : dev@dubbo.incubator.apache.org

16:53:05.406 [main] INFO  c.a.b.d.c.e.OverrideDubboConfigApplicationListener - [onApplicationEvent,68] - Dubbo Config was overridden by externalized configuration {}
16:53:05.743 [main] INFO  c.d.c.DukerApplicationTests - [logStarting,50] - Starting DukerApplicationTests on SC-201906251903 with PID 11344 (started by Administrator in E:\peosonal\duker)
16:53:05.745 [main] INFO  c.d.c.DukerApplicationTests - [logStartupProfileInfo,648] - No active profile set, falling back to default profiles: default
16:53:16.751 [main] INFO  c.a.d.s.b.a.DruidDataSourceAutoConfigure - [dataSource,56] - Init DruidDataSource
16:53:16.997 [main] INFO  c.a.d.p.DruidDataSource - [init,930] - {dataSource-1} inited
16:53:18.790 [main] INFO  c.d.c.DukerApplicationTests - [logStarted,59] - Started DukerApplicationTests in 14.924 seconds (JVM running for 24.449)
16:53:19.611 [Thread-20] INFO  c.a.d.p.DruidDataSource - [close,1825] - {dataSource-1} closed
16:53:19.745 [Thread-20] INFO  c.a.d.c.s.b.f.a.ReferenceAnnotationBeanPostProcessor - [destroy,251] - class com.alibaba.dubbo.config.spring.beans.factory.annotation.ReferenceAnnotationBeanPostProcessor was destroying!
16:54:00.913 [main] INFO  c.a.b.d.c.e.WelcomeLogoApplicationListener - [onApplicationEvent,53] - 

 :: Dubbo Spring Boot (v0.2.0) : https://github.com/apache/incubator-dubbo-spring-boot-project
 :: Dubbo (v2.6.2) : https://github.com/apache/incubator-dubbo
 :: Google group : dev@dubbo.incubator.apache.org

16:54:00.958 [main] INFO  c.a.b.d.c.e.OverrideDubboConfigApplicationListener - [onApplicationEvent,68] - Dubbo Config was overridden by externalized configuration {}
16:54:01.347 [main] INFO  c.d.c.DukerApplicationTests - [logStarting,50] - Starting DukerApplicationTests on SC-201906251903 with PID 18040 (started by Administrator in E:\peosonal\duker)
16:54:01.348 [main] INFO  c.d.c.DukerApplicationTests - [logStartupProfileInfo,648] - No active profile set, falling back to default profiles: default
16:54:19.283 [main] INFO  c.a.d.s.b.a.DruidDataSourceAutoConfigure - [dataSource,56] - Init DruidDataSource
16:54:19.529 [main] INFO  c.a.d.p.DruidDataSource - [init,930] - {dataSource-1} inited
16:54:21.810 [main] INFO  c.d.c.DukerApplicationTests - [logStarted,59] - Started DukerApplicationTests in 22.558 seconds (JVM running for 33.622)
16:54:22.720 [main] INFO  c.d.c.DukerApplicationTests - [dateTest,184] - {"infoId":"12113344300011","name":"长安广汽有限责任公司","number":5,"uploadTime":"2019-09-18 16:22:54"}
16:54:22.785 [Thread-20] INFO  c.a.d.p.DruidDataSource - [close,1825] - {dataSource-1} closed
16:54:22.970 [Thread-20] INFO  c.a.d.c.s.b.f.a.ReferenceAnnotationBeanPostProcessor - [destroy,251] - class com.alibaba.dubbo.config.spring.beans.factory.annotation.ReferenceAnnotationBeanPostProcessor was destroying!
16:56:20.007 [main] INFO  c.a.b.d.c.e.WelcomeLogoApplicationListener - [onApplicationEvent,53] - 

 :: Dubbo Spring Boot (v0.2.0) : https://github.com/apache/incubator-dubbo-spring-boot-project
 :: Dubbo (v2.6.2) : https://github.com/apache/incubator-dubbo
 :: Google group : dev@dubbo.incubator.apache.org

16:56:20.029 [main] INFO  c.a.b.d.c.e.OverrideDubboConfigApplicationListener - [onApplicationEvent,68] - Dubbo Config was overridden by externalized configuration {}
16:56:20.398 [main] INFO  c.d.c.DukerApplicationTests - [logStarting,50] - Starting DukerApplicationTests on SC-201906251903 with PID 1340 (started by Administrator in E:\peosonal\duker)
16:56:20.400 [main] INFO  c.d.c.DukerApplicationTests - [logStartupProfileInfo,648] - No active profile set, falling back to default profiles: default
16:56:31.704 [main] INFO  c.a.d.s.b.a.DruidDataSourceAutoConfigure - [dataSource,56] - Init DruidDataSource
16:56:31.958 [main] INFO  c.a.d.p.DruidDataSource - [init,930] - {dataSource-1} inited
16:56:33.765 [main] INFO  c.d.c.DukerApplicationTests - [logStarted,59] - Started DukerApplicationTests in 14.576 seconds (JVM running for 22.479)
16:56:34.570 [main] INFO  c.d.c.DukerApplicationTests - [dateTest,184] - {"infoId":"12113344300011","name":"长安广汽有限责任公司","number":5,"uploadTime":"2019-09-18 16:34:56"}
16:56:34.623 [Thread-20] INFO  c.a.d.p.DruidDataSource - [close,1825] - {dataSource-1} closed
16:56:34.728 [Thread-20] INFO  c.a.d.c.s.b.f.a.ReferenceAnnotationBeanPostProcessor - [destroy,251] - class com.alibaba.dubbo.config.spring.beans.factory.annotation.ReferenceAnnotationBeanPostProcessor was destroying!
