08:58:22.154 [main] ERROR o.s.b.d.LoggingFailureAnalysisReporter - [report,40] - 

***************************
APPLICATION FAILED TO START
***************************

Description:

Parameter 0 of method getJmsTemplate in com.duker.core.config.ActivemqConfiguration required a bean of type 'org.apache.activemq.ActiveMQConnectionFactory' that could not be found.

The injection point has the following annotations:
	- @org.springframework.beans.factory.annotation.Autowired(required=true)

The following candidates were found but could not be injected:
	- Bean method 'jmsConnectionFactory' in 'ActiveMQConnectionFactoryConfiguration.SimpleConnectionFactoryConfiguration' not loaded because @ConditionalOnProperty (spring.activemq.pool.enabled=false) found different value in property 'enabled'
	- Bean method 'nonXaJmsConnectionFactory' in 'ActiveMQXAConnectionFactoryConfiguration' not loaded because @ConditionalOnClass did not find required class 'javax.transaction.TransactionManager'


Action:

Consider revisiting the entries above or defining a bean of type 'org.apache.activemq.ActiveMQConnectionFactory' in your configuration.

09:01:33.326 [DefaultMessageListenerContainer-1] ERROR o.s.j.l.DefaultMessageListenerContainer - [refreshConnectionUntilSuccessful,962] - Could not refresh JMS Connection for destination 'new_mq_topic' - retrying using FixedBackOff{interval=5000, currentAttempts=0, maxAttempts=unlimited}. Cause: Could not connect to broker URL: tcp://localhost:61616. Reason: java.net.ConnectException: Connection refused: connect
09:01:34.337 [DefaultMessageListenerContainer-1] ERROR o.s.j.l.DefaultMessageListenerContainer - [refreshConnectionUntilSuccessful,962] - Could not refresh JMS Connection for destination 'new_mq_topic2' - retrying using FixedBackOff{interval=5000, currentAttempts=0, maxAttempts=unlimited}. Cause: Could not connect to broker URL: tcp://localhost:61616. Reason: java.net.ConnectException: Connection refused: connect
09:01:39.342 [DefaultMessageListenerContainer-1] ERROR o.s.j.l.DefaultMessageListenerContainer - [refreshConnectionUntilSuccessful,962] - Could not refresh JMS Connection for destination 'new_mq_topic' - retrying using FixedBackOff{interval=5000, currentAttempts=1, maxAttempts=unlimited}. Cause: Could not connect to broker URL: tcp://localhost:61616. Reason: java.net.ConnectException: Connection refused: connect
09:01:40.363 [DefaultMessageListenerContainer-1] ERROR o.s.j.l.DefaultMessageListenerContainer - [refreshConnectionUntilSuccessful,962] - Could not refresh JMS Connection for destination 'new_mq_topic2' - retrying using FixedBackOff{interval=5000, currentAttempts=1, maxAttempts=unlimited}. Cause: Could not connect to broker URL: tcp://localhost:61616. Reason: java.net.ConnectException: Connection refused: connect
09:01:45.366 [DefaultMessageListenerContainer-1] ERROR o.s.j.l.DefaultMessageListenerContainer - [refreshConnectionUntilSuccessful,962] - Could not refresh JMS Connection for destination 'new_mq_topic' - retrying using FixedBackOff{interval=5000, currentAttempts=2, maxAttempts=unlimited}. Cause: Could not connect to broker URL: tcp://localhost:61616. Reason: java.net.ConnectException: Connection refused: connect
09:01:46.467 [DefaultMessageListenerContainer-1] ERROR o.s.j.l.DefaultMessageListenerContainer - [refreshConnectionUntilSuccessful,962] - Could not refresh JMS Connection for destination 'new_mq_topic2' - retrying using FixedBackOff{interval=5000, currentAttempts=2, maxAttempts=unlimited}. Cause: Could not connect to broker URL: tcp://localhost:61616. Reason: java.net.ConnectException: Connection refused: connect
09:01:51.381 [DefaultMessageListenerContainer-1] ERROR o.s.j.l.DefaultMessageListenerContainer - [refreshConnectionUntilSuccessful,962] - Could not refresh JMS Connection for destination 'new_mq_topic' - retrying using FixedBackOff{interval=5000, currentAttempts=3, maxAttempts=unlimited}. Cause: Could not connect to broker URL: tcp://localhost:61616. Reason: java.net.ConnectException: Connection refused: connect
09:01:52.478 [DefaultMessageListenerContainer-1] ERROR o.s.j.l.DefaultMessageListenerContainer - [refreshConnectionUntilSuccessful,962] - Could not refresh JMS Connection for destination 'new_mq_topic2' - retrying using FixedBackOff{interval=5000, currentAttempts=3, maxAttempts=unlimited}. Cause: Could not connect to broker URL: tcp://localhost:61616. Reason: java.net.ConnectException: Connection refused: connect
09:01:57.400 [DefaultMessageListenerContainer-1] ERROR o.s.j.l.DefaultMessageListenerContainer - [refreshConnectionUntilSuccessful,962] - Could not refresh JMS Connection for destination 'new_mq_topic' - retrying using FixedBackOff{interval=5000, currentAttempts=4, maxAttempts=unlimited}. Cause: Could not connect to broker URL: tcp://localhost:61616. Reason: java.net.ConnectException: Connection refused: connect
09:01:58.489 [DefaultMessageListenerContainer-1] ERROR o.s.j.l.DefaultMessageListenerContainer - [refreshConnectionUntilSuccessful,962] - Could not refresh JMS Connection for destination 'new_mq_topic2' - retrying using FixedBackOff{interval=5000, currentAttempts=4, maxAttempts=unlimited}. Cause: Could not connect to broker URL: tcp://localhost:61616. Reason: java.net.ConnectException: Connection refused: connect
09:02:03.442 [DefaultMessageListenerContainer-1] ERROR o.s.j.l.DefaultMessageListenerContainer - [refreshConnectionUntilSuccessful,962] - Could not refresh JMS Connection for destination 'new_mq_topic' - retrying using FixedBackOff{interval=5000, currentAttempts=5, maxAttempts=unlimited}. Cause: Could not connect to broker URL: tcp://localhost:61616. Reason: java.net.ConnectException: Connection refused: connect
09:02:04.517 [DefaultMessageListenerContainer-1] ERROR o.s.j.l.DefaultMessageListenerContainer - [refreshConnectionUntilSuccessful,962] - Could not refresh JMS Connection for destination 'new_mq_topic2' - retrying using FixedBackOff{interval=5000, currentAttempts=5, maxAttempts=unlimited}. Cause: Could not connect to broker URL: tcp://localhost:61616. Reason: java.net.ConnectException: Connection refused: connect
09:02:09.458 [DefaultMessageListenerContainer-1] ERROR o.s.j.l.DefaultMessageListenerContainer - [refreshConnectionUntilSuccessful,962] - Could not refresh JMS Connection for destination 'new_mq_topic' - retrying using FixedBackOff{interval=5000, currentAttempts=6, maxAttempts=unlimited}. Cause: Could not connect to broker URL: tcp://localhost:61616. Reason: java.net.ConnectException: Connection refused: connect
09:02:10.533 [DefaultMessageListenerContainer-1] ERROR o.s.j.l.DefaultMessageListenerContainer - [refreshConnectionUntilSuccessful,962] - Could not refresh JMS Connection for destination 'new_mq_topic2' - retrying using FixedBackOff{interval=5000, currentAttempts=6, maxAttempts=unlimited}. Cause: Could not connect to broker URL: tcp://localhost:61616. Reason: java.net.ConnectException: Connection refused: connect
09:02:15.477 [DefaultMessageListenerContainer-1] ERROR o.s.j.l.DefaultMessageListenerContainer - [refreshConnectionUntilSuccessful,962] - Could not refresh JMS Connection for destination 'new_mq_topic' - retrying using FixedBackOff{interval=5000, currentAttempts=7, maxAttempts=unlimited}. Cause: Could not connect to broker URL: tcp://localhost:61616. Reason: java.net.ConnectException: Connection refused: connect
09:02:16.550 [DefaultMessageListenerContainer-1] ERROR o.s.j.l.DefaultMessageListenerContainer - [refreshConnectionUntilSuccessful,962] - Could not refresh JMS Connection for destination 'new_mq_topic2' - retrying using FixedBackOff{interval=5000, currentAttempts=7, maxAttempts=unlimited}. Cause: Could not connect to broker URL: tcp://localhost:61616. Reason: java.net.ConnectException: Connection refused: connect
09:02:21.503 [DefaultMessageListenerContainer-1] ERROR o.s.j.l.DefaultMessageListenerContainer - [refreshConnectionUntilSuccessful,962] - Could not refresh JMS Connection for destination 'new_mq_topic' - retrying using FixedBackOff{interval=5000, currentAttempts=8, maxAttempts=unlimited}. Cause: Could not connect to broker URL: tcp://localhost:61616. Reason: java.net.ConnectException: Connection refused: connect
09:02:22.567 [DefaultMessageListenerContainer-1] ERROR o.s.j.l.DefaultMessageListenerContainer - [refreshConnectionUntilSuccessful,962] - Could not refresh JMS Connection for destination 'new_mq_topic2' - retrying using FixedBackOff{interval=5000, currentAttempts=8, maxAttempts=unlimited}. Cause: Could not connect to broker URL: tcp://localhost:61616. Reason: java.net.ConnectException: Connection refused: connect
09:02:27.520 [DefaultMessageListenerContainer-1] ERROR o.s.j.l.DefaultMessageListenerContainer - [refreshConnectionUntilSuccessful,962] - Could not refresh JMS Connection for destination 'new_mq_topic' - retrying using FixedBackOff{interval=5000, currentAttempts=9, maxAttempts=unlimited}. Cause: Could not connect to broker URL: tcp://localhost:61616. Reason: java.net.ConnectException: Connection refused: connect
09:02:28.614 [DefaultMessageListenerContainer-1] ERROR o.s.j.l.DefaultMessageListenerContainer - [refreshConnectionUntilSuccessful,962] - Could not refresh JMS Connection for destination 'new_mq_topic2' - retrying using FixedBackOff{interval=5000, currentAttempts=9, maxAttempts=unlimited}. Cause: Could not connect to broker URL: tcp://localhost:61616. Reason: java.net.ConnectException: Connection refused: connect
09:02:33.573 [DefaultMessageListenerContainer-1] ERROR o.s.j.l.DefaultMessageListenerContainer - [refreshConnectionUntilSuccessful,962] - Could not refresh JMS Connection for destination 'new_mq_topic' - retrying using FixedBackOff{interval=5000, currentAttempts=10, maxAttempts=unlimited}. Cause: Could not connect to broker URL: tcp://localhost:61616. Reason: java.net.ConnectException: Connection refused: connect
09:02:34.643 [DefaultMessageListenerContainer-1] ERROR o.s.j.l.DefaultMessageListenerContainer - [refreshConnectionUntilSuccessful,962] - Could not refresh JMS Connection for destination 'new_mq_topic2' - retrying using FixedBackOff{interval=5000, currentAttempts=10, maxAttempts=unlimited}. Cause: Could not connect to broker URL: tcp://localhost:61616. Reason: java.net.ConnectException: Connection refused: connect
09:02:39.608 [DefaultMessageListenerContainer-1] ERROR o.s.j.l.DefaultMessageListenerContainer - [refreshConnectionUntilSuccessful,962] - Could not refresh JMS Connection for destination 'new_mq_topic' - retrying using FixedBackOff{interval=5000, currentAttempts=11, maxAttempts=unlimited}. Cause: Could not connect to broker URL: tcp://localhost:61616. Reason: java.net.ConnectException: Connection refused: connect
10:00:34.079 [main] ERROR o.s.b.d.LoggingFailureAnalysisReporter - [report,40] - 

***************************
APPLICATION FAILED TO START
***************************

Description:

A component required a bean named 'topicContainerFactory1' that could not be found.


Action:

Consider defining a bean named 'topicContainerFactory1' in your configuration.

